Files already downloaded and verified
Conv2d
BatchNorm2d
Conv2d
BatchNorm2d
Conv2d
BatchNorm2d
Sequential
BasicBlock
Conv2d
BatchNorm2d
Conv2d
BatchNorm2d
Sequential
BasicBlock
Conv2d
BatchNorm2d
Conv2d
BatchNorm2d
Sequential
BasicBlock
Sequential
Conv2d
BatchNorm2d
Conv2d
BatchNorm2d
LambdaLayer
BasicBlock
Conv2d
BatchNorm2d
Conv2d
BatchNorm2d
Sequential
BasicBlock
Conv2d
BatchNorm2d
Conv2d
BatchNorm2d
Sequential
BasicBlock
Sequential
Conv2d
BatchNorm2d
Conv2d
BatchNorm2d
LambdaLayer
BasicBlock
Conv2d
BatchNorm2d
Conv2d
BatchNorm2d
Sequential
BasicBlock
Conv2d
BatchNorm2d
Conv2d
BatchNorm2d
Sequential
BasicBlock
Sequential
Linear
ResNetRBN
Epoch:1 Test set: Average loss: 1.7236, Accuracy: 4575/10000 (45.75%) [Error 54.25%]
Epoch:2 Test set: Average loss: 1.1461, Accuracy: 5978/10000 (59.78%) [Error 40.22%]
Epoch:3 Test set: Average loss: 1.1993, Accuracy: 5726/10000 (57.26%) [Error 42.74%]
Epoch:4 Test set: Average loss: 1.0997, Accuracy: 6451/10000 (64.51%) [Error 35.49%]
Epoch:5 Test set: Average loss: 1.3021, Accuracy: 6172/10000 (61.72%) [Error 38.28%]
Epoch:6 Test set: Average loss: 0.8411, Accuracy: 7247/10000 (72.47%) [Error 27.53%]
Epoch:7 Test set: Average loss: 0.9623, Accuracy: 7060/10000 (70.60%) [Error 29.40%]
Epoch:8 Test set: Average loss: 0.8560, Accuracy: 7369/10000 (73.69%) [Error 26.31%]
Epoch:9 Test set: Average loss: 0.9754, Accuracy: 6920/10000 (69.20%) [Error 30.80%]
Epoch:10 Test set: Average loss: 0.8376, Accuracy: 7375/10000 (73.75%) [Error 26.25%]
Epoch:11 Test set: Average loss: 0.7977, Accuracy: 7425/10000 (74.25%) [Error 25.75%]
Epoch:12 Test set: Average loss: 0.7997, Accuracy: 7239/10000 (72.39%) [Error 27.61%]
Epoch:13 Test set: Average loss: 0.8907, Accuracy: 7189/10000 (71.89%) [Error 28.11%]
Epoch:14 Test set: Average loss: 0.7702, Accuracy: 7520/10000 (75.20%) [Error 24.80%]
Epoch:15 Test set: Average loss: 0.9775, Accuracy: 6952/10000 (69.52%) [Error 30.48%]
Epoch:16 Test set: Average loss: 0.7206, Accuracy: 7642/10000 (76.42%) [Error 23.58%]
Epoch:17 Test set: Average loss: 0.8391, Accuracy: 7249/10000 (72.49%) [Error 27.51%]
Epoch:18 Test set: Average loss: 0.6845, Accuracy: 7726/10000 (77.26%) [Error 22.74%]
Epoch:19 Test set: Average loss: 0.8971, Accuracy: 7029/10000 (70.29%) [Error 29.71%]
Epoch:20 Test set: Average loss: 1.2410, Accuracy: 6431/10000 (64.31%) [Error 35.69%]
Epoch:21 Test set: Average loss: 0.6895, Accuracy: 7775/10000 (77.75%) [Error 22.25%]
Epoch:22 Test set: Average loss: 0.8369, Accuracy: 7465/10000 (74.65%) [Error 25.35%]
Epoch:23 Test set: Average loss: 0.7509, Accuracy: 7612/10000 (76.12%) [Error 23.88%]
Epoch:24 Test set: Average loss: 0.9620, Accuracy: 7087/10000 (70.87%) [Error 29.13%]
Epoch:25 Test set: Average loss: 0.7398, Accuracy: 7645/10000 (76.45%) [Error 23.55%]
Epoch:26 Test set: Average loss: 0.5819, Accuracy: 8080/10000 (80.80%) [Error 19.20%]
Epoch:27 Test set: Average loss: 0.5954, Accuracy: 8007/10000 (80.07%) [Error 19.93%]
Epoch:28 Test set: Average loss: 0.7189, Accuracy: 7694/10000 (76.94%) [Error 23.06%]
Epoch:29 Test set: Average loss: 0.7724, Accuracy: 7526/10000 (75.26%) [Error 24.74%]
Epoch:30 Test set: Average loss: 0.7424, Accuracy: 7656/10000 (76.56%) [Error 23.44%]
Epoch:31 Test set: Average loss: 0.6258, Accuracy: 7893/10000 (78.93%) [Error 21.07%]
Epoch:32 Test set: Average loss: 0.6430, Accuracy: 7927/10000 (79.27%) [Error 20.73%]
Epoch:33 Test set: Average loss: 0.9514, Accuracy: 7142/10000 (71.42%) [Error 28.58%]
Epoch:34 Test set: Average loss: 0.7982, Accuracy: 7444/10000 (74.44%) [Error 25.56%]
Epoch:35 Test set: Average loss: 0.7057, Accuracy: 7689/10000 (76.89%) [Error 23.11%]
Epoch:36 Test set: Average loss: 0.8360, Accuracy: 7506/10000 (75.06%) [Error 24.94%]
Epoch:37 Test set: Average loss: 0.7282, Accuracy: 7640/10000 (76.40%) [Error 23.60%]
Epoch:38 Test set: Average loss: 0.7149, Accuracy: 7806/10000 (78.06%) [Error 21.94%]
Epoch:39 Test set: Average loss: 0.7322, Accuracy: 7620/10000 (76.20%) [Error 23.80%]
Epoch:40 Test set: Average loss: 0.6189, Accuracy: 8014/10000 (80.14%) [Error 19.86%]
Epoch:41 Test set: Average loss: 0.6629, Accuracy: 7853/10000 (78.53%) [Error 21.47%]
Epoch:42 Test set: Average loss: 0.6408, Accuracy: 7901/10000 (79.01%) [Error 20.99%]
Epoch:43 Test set: Average loss: 1.0326, Accuracy: 6926/10000 (69.26%) [Error 30.74%]
Epoch:44 Test set: Average loss: 0.7336, Accuracy: 7503/10000 (75.03%) [Error 24.97%]
Epoch:45 Test set: Average loss: 0.9645, Accuracy: 7226/10000 (72.26%) [Error 27.74%]
Epoch:46 Test set: Average loss: 0.7542, Accuracy: 7596/10000 (75.96%) [Error 24.04%]
Epoch:47 Test set: Average loss: 0.6143, Accuracy: 7968/10000 (79.68%) [Error 20.32%]
Epoch:48 Test set: Average loss: 0.8576, Accuracy: 7235/10000 (72.35%) [Error 27.65%]
Epoch:49 Test set: Average loss: 0.5925, Accuracy: 7950/10000 (79.50%) [Error 20.50%]
Epoch:50 Test set: Average loss: 0.8810, Accuracy: 7323/10000 (73.23%) [Error 26.77%]
Epoch:51 Test set: Average loss: 0.6503, Accuracy: 7796/10000 (77.96%) [Error 22.04%]
Epoch:52 Test set: Average loss: 0.8209, Accuracy: 7489/10000 (74.89%) [Error 25.11%]
Epoch:53 Test set: Average loss: 0.6535, Accuracy: 7861/10000 (78.61%) [Error 21.39%]
Epoch:54 Test set: Average loss: 1.3941, Accuracy: 6366/10000 (63.66%) [Error 36.34%]
Epoch:55 Test set: Average loss: 0.7944, Accuracy: 7428/10000 (74.28%) [Error 25.72%]
Epoch:56 Test set: Average loss: 0.6059, Accuracy: 7937/10000 (79.37%) [Error 20.63%]
Epoch:57 Test set: Average loss: 0.6028, Accuracy: 7936/10000 (79.36%) [Error 20.64%]
Epoch:58 Test set: Average loss: 0.8190, Accuracy: 7489/10000 (74.89%) [Error 25.11%]
Epoch:59 Test set: Average loss: 0.4947, Accuracy: 8343/10000 (83.43%) [Error 16.57%]
Epoch:60 Test set: Average loss: 0.6425, Accuracy: 7955/10000 (79.55%) [Error 20.45%]
Epoch:61 Test set: Average loss: 0.6733, Accuracy: 7779/10000 (77.79%) [Error 22.21%]
Epoch:62 Test set: Average loss: 0.5731, Accuracy: 8099/10000 (80.99%) [Error 19.01%]
Epoch:63 Test set: Average loss: 0.5644, Accuracy: 8106/10000 (81.06%) [Error 18.94%]
Epoch:64 Test set: Average loss: 1.4864, Accuracy: 6377/10000 (63.77%) [Error 36.23%]
Epoch:65 Test set: Average loss: 0.8630, Accuracy: 7292/10000 (72.92%) [Error 27.08%]
Epoch:66 Test set: Average loss: 0.6872, Accuracy: 7825/10000 (78.25%) [Error 21.75%]
Epoch:67 Test set: Average loss: 0.7722, Accuracy: 7498/10000 (74.98%) [Error 25.02%]
Epoch:68 Test set: Average loss: 0.7130, Accuracy: 7668/10000 (76.68%) [Error 23.32%]
Epoch:69 Test set: Average loss: 0.6008, Accuracy: 7976/10000 (79.76%) [Error 20.24%]
Epoch:70 Test set: Average loss: 0.6854, Accuracy: 7744/10000 (77.44%) [Error 22.56%]
Epoch:71 Test set: Average loss: 0.6912, Accuracy: 7758/10000 (77.58%) [Error 22.42%]
Epoch:72 Test set: Average loss: 0.8849, Accuracy: 7315/10000 (73.15%) [Error 26.85%]
Epoch:73 Test set: Average loss: 0.6358, Accuracy: 7841/10000 (78.41%) [Error 21.59%]
Epoch:74 Test set: Average loss: 0.6406, Accuracy: 7898/10000 (78.98%) [Error 21.02%]
Epoch:75 Test set: Average loss: 0.6171, Accuracy: 7908/10000 (79.08%) [Error 20.92%]
Epoch:76 Test set: Average loss: 0.5573, Accuracy: 8100/10000 (81.00%) [Error 19.00%]
Epoch:77 Test set: Average loss: 0.6546, Accuracy: 7775/10000 (77.75%) [Error 22.25%]
Epoch:78 Test set: Average loss: 0.8107, Accuracy: 7328/10000 (73.28%) [Error 26.72%]
Epoch:79 Test set: Average loss: 0.7582, Accuracy: 7610/10000 (76.10%) [Error 23.90%]
Epoch:80 Test set: Average loss: 0.6177, Accuracy: 8030/10000 (80.30%) [Error 19.70%]
Epoch:81 Test set: Average loss: 0.6082, Accuracy: 7907/10000 (79.07%) [Error 20.93%]
Epoch:82 Test set: Average loss: 0.8661, Accuracy: 7409/10000 (74.09%) [Error 25.91%]
Epoch:83 Test set: Average loss: 0.5318, Accuracy: 8222/10000 (82.22%) [Error 17.78%]
Epoch:84 Test set: Average loss: 0.8125, Accuracy: 7454/10000 (74.54%) [Error 25.46%]
Epoch:85 Test set: Average loss: 0.6477, Accuracy: 7794/10000 (77.94%) [Error 22.06%]
Epoch:86 Test set: Average loss: 0.8586, Accuracy: 7434/10000 (74.34%) [Error 25.66%]
Epoch:87 Test set: Average loss: 1.1545, Accuracy: 6882/10000 (68.82%) [Error 31.18%]
Epoch:88 Test set: Average loss: 0.7555, Accuracy: 7541/10000 (75.41%) [Error 24.59%]
Epoch:89 Test set: Average loss: 0.6650, Accuracy: 7824/10000 (78.24%) [Error 21.76%]
Epoch:90 Test set: Average loss: 0.6301, Accuracy: 7923/10000 (79.23%) [Error 20.77%]
Epoch:91 Test set: Average loss: 0.8181, Accuracy: 7555/10000 (75.55%) [Error 24.45%]
Epoch:92 Test set: Average loss: 0.9178, Accuracy: 7258/10000 (72.58%) [Error 27.42%]
Epoch:93 Test set: Average loss: 0.6427, Accuracy: 7908/10000 (79.08%) [Error 20.92%]
Epoch:94 Test set: Average loss: 0.8609, Accuracy: 7322/10000 (73.22%) [Error 26.78%]
Epoch:95 Test set: Average loss: 0.5542, Accuracy: 8091/10000 (80.91%) [Error 19.09%]
Epoch:96 Test set: Average loss: 0.9831, Accuracy: 7141/10000 (71.41%) [Error 28.59%]
Epoch:97 Test set: Average loss: 0.5986, Accuracy: 8104/10000 (81.04%) [Error 18.96%]
Epoch:98 Test set: Average loss: 0.5655, Accuracy: 8126/10000 (81.26%) [Error 18.74%]
Epoch:99 Test set: Average loss: 0.6041, Accuracy: 8009/10000 (80.09%) [Error 19.91%]
Epoch:100 Test set: Average loss: 0.6379, Accuracy: 7854/10000 (78.54%) [Error 21.46%]
Epoch:101 Test set: Average loss: 0.8020, Accuracy: 7543/10000 (75.43%) [Error 24.57%]
Epoch:102 Test set: Average loss: 0.6328, Accuracy: 7931/10000 (79.31%) [Error 20.69%]
Epoch:103 Test set: Average loss: 0.8751, Accuracy: 7323/10000 (73.23%) [Error 26.77%]
Epoch:104 Test set: Average loss: 0.7216, Accuracy: 7735/10000 (77.35%) [Error 22.65%]
Epoch:105 Test set: Average loss: 0.6406, Accuracy: 7853/10000 (78.53%) [Error 21.47%]
Epoch:106 Test set: Average loss: 0.5669, Accuracy: 8043/10000 (80.43%) [Error 19.57%]
Epoch:107 Test set: Average loss: 0.6351, Accuracy: 7877/10000 (78.77%) [Error 21.23%]
Epoch:108 Test set: Average loss: 0.6925, Accuracy: 7662/10000 (76.62%) [Error 23.38%]
Epoch:109 Test set: Average loss: 0.6931, Accuracy: 7852/10000 (78.52%) [Error 21.48%]
Epoch:110 Test set: Average loss: 0.4848, Accuracy: 8342/10000 (83.42%) [Error 16.58%]
Epoch:111 Test set: Average loss: 0.7210, Accuracy: 7699/10000 (76.99%) [Error 23.01%]
Epoch:112 Test set: Average loss: 0.5593, Accuracy: 8146/10000 (81.46%) [Error 18.54%]
Epoch:113 Test set: Average loss: 0.6249, Accuracy: 7953/10000 (79.53%) [Error 20.47%]
Epoch:114 Test set: Average loss: 0.9424, Accuracy: 7211/10000 (72.11%) [Error 27.89%]
Epoch:115 Test set: Average loss: 0.5175, Accuracy: 8283/10000 (82.83%) [Error 17.17%]
Epoch:116 Test set: Average loss: 0.6392, Accuracy: 7984/10000 (79.84%) [Error 20.16%]
Epoch:117 Test set: Average loss: 0.4749, Accuracy: 8375/10000 (83.75%) [Error 16.25%]
Epoch:118 Test set: Average loss: 0.5732, Accuracy: 8013/10000 (80.13%) [Error 19.87%]
Epoch:119 Test set: Average loss: 0.7383, Accuracy: 7669/10000 (76.69%) [Error 23.31%]
Epoch:120 Test set: Average loss: 0.6824, Accuracy: 7743/10000 (77.43%) [Error 22.57%]
Epoch:121 Test set: Average loss: 0.8981, Accuracy: 7275/10000 (72.75%) [Error 27.25%]
Epoch:122 Test set: Average loss: 0.4945, Accuracy: 8390/10000 (83.90%) [Error 16.10%]
Epoch:123 Test set: Average loss: 0.6287, Accuracy: 8038/10000 (80.38%) [Error 19.62%]
Epoch:124 Test set: Average loss: 0.7511, Accuracy: 7656/10000 (76.56%) [Error 23.44%]
Epoch:125 Test set: Average loss: 0.7154, Accuracy: 7777/10000 (77.77%) [Error 22.23%]
Epoch:126 Test set: Average loss: 0.5216, Accuracy: 8212/10000 (82.12%) [Error 17.88%]
Epoch:127 Test set: Average loss: 0.6926, Accuracy: 7854/10000 (78.54%) [Error 21.46%]
Epoch:128 Test set: Average loss: 0.5534, Accuracy: 8198/10000 (81.98%) [Error 18.02%]
Epoch:129 Test set: Average loss: 0.4667, Accuracy: 8406/10000 (84.06%) [Error 15.94%]
Epoch:130 Test set: Average loss: 0.6005, Accuracy: 7953/10000 (79.53%) [Error 20.47%]
Epoch:131 Test set: Average loss: 0.6714, Accuracy: 7905/10000 (79.05%) [Error 20.95%]
Epoch:132 Test set: Average loss: 0.7095, Accuracy: 7638/10000 (76.38%) [Error 23.62%]
Epoch:133 Test set: Average loss: 1.0576, Accuracy: 6811/10000 (68.11%) [Error 31.89%]
Epoch:134 Test set: Average loss: 0.5874, Accuracy: 8050/10000 (80.50%) [Error 19.50%]
Epoch:135 Test set: Average loss: 0.6978, Accuracy: 7767/10000 (77.67%) [Error 22.33%]
Epoch:136 Test set: Average loss: 0.6535, Accuracy: 7904/10000 (79.04%) [Error 20.96%]
Epoch:137 Test set: Average loss: 0.7506, Accuracy: 7752/10000 (77.52%) [Error 22.48%]
Epoch:138 Test set: Average loss: 0.5605, Accuracy: 8214/10000 (82.14%) [Error 17.86%]
Epoch:139 Test set: Average loss: 0.6018, Accuracy: 8057/10000 (80.57%) [Error 19.43%]
Epoch:140 Test set: Average loss: 0.6347, Accuracy: 7926/10000 (79.26%) [Error 20.74%]
Epoch:141 Test set: Average loss: 0.5303, Accuracy: 8254/10000 (82.54%) [Error 17.46%]
Epoch:142 Test set: Average loss: 0.6608, Accuracy: 7845/10000 (78.45%) [Error 21.55%]
Epoch:143 Test set: Average loss: 0.6503, Accuracy: 7842/10000 (78.42%) [Error 21.58%]
Epoch:144 Test set: Average loss: 0.5207, Accuracy: 8184/10000 (81.84%) [Error 18.16%]
Epoch:145 Test set: Average loss: 1.0171, Accuracy: 7026/10000 (70.26%) [Error 29.74%]
Epoch:146 Test set: Average loss: 0.6630, Accuracy: 7860/10000 (78.60%) [Error 21.40%]
Epoch:147 Test set: Average loss: 0.5067, Accuracy: 8309/10000 (83.09%) [Error 16.91%]
Epoch:148 Test set: Average loss: 0.5571, Accuracy: 8089/10000 (80.89%) [Error 19.11%]
Epoch:149 Test set: Average loss: 0.7293, Accuracy: 7698/10000 (76.98%) [Error 23.02%]
Epoch:150 Test set: Average loss: 0.5283, Accuracy: 8188/10000 (81.88%) [Error 18.12%]
Epoch:151 Test set: Average loss: 0.2902, Accuracy: 9017/10000 (90.17%) [Error 9.83%]
Epoch:152 Test set: Average loss: 0.2790, Accuracy: 9047/10000 (90.47%) [Error 9.53%]
Epoch:153 Test set: Average loss: 0.2733, Accuracy: 9078/10000 (90.78%) [Error 9.22%]
Epoch:154 Test set: Average loss: 0.2721, Accuracy: 9090/10000 (90.90%) [Error 9.10%]
Epoch:155 Test set: Average loss: 0.2693, Accuracy: 9081/10000 (90.81%) [Error 9.19%]
Epoch:156 Test set: Average loss: 0.2712, Accuracy: 9106/10000 (91.06%) [Error 8.94%]
Epoch:157 Test set: Average loss: 0.2714, Accuracy: 9103/10000 (91.03%) [Error 8.97%]
Epoch:158 Test set: Average loss: 0.2703, Accuracy: 9095/10000 (90.95%) [Error 9.05%]
Epoch:159 Test set: Average loss: 0.2877, Accuracy: 9050/10000 (90.50%) [Error 9.50%]
Epoch:160 Test set: Average loss: 0.2693, Accuracy: 9075/10000 (90.75%) [Error 9.25%]
Epoch:161 Test set: Average loss: 0.2677, Accuracy: 9112/10000 (91.12%) [Error 8.88%]
Epoch:162 Test set: Average loss: 0.2744, Accuracy: 9085/10000 (90.85%) [Error 9.15%]
Epoch:163 Test set: Average loss: 0.2738, Accuracy: 9118/10000 (91.18%) [Error 8.82%]
Epoch:164 Test set: Average loss: 0.2960, Accuracy: 9048/10000 (90.48%) [Error 9.52%]
Epoch:165 Test set: Average loss: 0.2794, Accuracy: 9111/10000 (91.11%) [Error 8.89%]
Epoch:166 Test set: Average loss: 0.2859, Accuracy: 9065/10000 (90.65%) [Error 9.35%]
Epoch:167 Test set: Average loss: 0.2825, Accuracy: 9091/10000 (90.91%) [Error 9.09%]
Epoch:168 Test set: Average loss: 0.2892, Accuracy: 9058/10000 (90.58%) [Error 9.42%]
Epoch:169 Test set: Average loss: 0.2948, Accuracy: 9043/10000 (90.43%) [Error 9.57%]
Epoch:170 Test set: Average loss: 0.2975, Accuracy: 9033/10000 (90.33%) [Error 9.67%]
Epoch:171 Test set: Average loss: 0.2915, Accuracy: 9068/10000 (90.68%) [Error 9.32%]
Epoch:172 Test set: Average loss: 0.2908, Accuracy: 9061/10000 (90.61%) [Error 9.39%]
Epoch:173 Test set: Average loss: 0.3024, Accuracy: 9032/10000 (90.32%) [Error 9.68%]
Epoch:174 Test set: Average loss: 0.2988, Accuracy: 9034/10000 (90.34%) [Error 9.66%]
Epoch:175 Test set: Average loss: 0.2959, Accuracy: 9079/10000 (90.79%) [Error 9.21%]
Epoch:176 Test set: Average loss: 0.3167, Accuracy: 9021/10000 (90.21%) [Error 9.79%]
Epoch:177 Test set: Average loss: 0.3168, Accuracy: 9034/10000 (90.34%) [Error 9.66%]
Epoch:178 Test set: Average loss: 0.3188, Accuracy: 9014/10000 (90.14%) [Error 9.86%]
Epoch:179 Test set: Average loss: 0.3107, Accuracy: 9027/10000 (90.27%) [Error 9.73%]
Epoch:180 Test set: Average loss: 0.3213, Accuracy: 8999/10000 (89.99%) [Error 10.01%]
Epoch:181 Test set: Average loss: 0.3092, Accuracy: 9048/10000 (90.48%) [Error 9.52%]
Epoch:182 Test set: Average loss: 0.4151, Accuracy: 8778/10000 (87.78%) [Error 12.22%]
Epoch:183 Test set: Average loss: 0.3712, Accuracy: 8919/10000 (89.19%) [Error 10.81%]
Epoch:184 Test set: Average loss: 0.3155, Accuracy: 9028/10000 (90.28%) [Error 9.72%]
Epoch:185 Test set: Average loss: 0.3175, Accuracy: 9032/10000 (90.32%) [Error 9.68%]
Epoch:186 Test set: Average loss: 0.3306, Accuracy: 8965/10000 (89.65%) [Error 10.35%]
Epoch:187 Test set: Average loss: 0.3662, Accuracy: 8862/10000 (88.62%) [Error 11.38%]
Epoch:188 Test set: Average loss: 0.3507, Accuracy: 8917/10000 (89.17%) [Error 10.83%]
Epoch:189 Test set: Average loss: 0.3162, Accuracy: 9019/10000 (90.19%) [Error 9.81%]
Epoch:190 Test set: Average loss: 0.3507, Accuracy: 8940/10000 (89.40%) [Error 10.60%]
Epoch:191 Test set: Average loss: 0.3440, Accuracy: 8947/10000 (89.47%) [Error 10.53%]
Epoch:192 Test set: Average loss: 0.3611, Accuracy: 8872/10000 (88.72%) [Error 11.28%]
Epoch:193 Test set: Average loss: 0.3430, Accuracy: 8956/10000 (89.56%) [Error 10.44%]
Epoch:194 Test set: Average loss: 0.3281, Accuracy: 8959/10000 (89.59%) [Error 10.41%]
Epoch:195 Test set: Average loss: 0.3247, Accuracy: 9011/10000 (90.11%) [Error 9.89%]
Epoch:196 Test set: Average loss: 0.3426, Accuracy: 8979/10000 (89.79%) [Error 10.21%]
Epoch:197 Test set: Average loss: 0.3245, Accuracy: 9036/10000 (90.36%) [Error 9.64%]
Epoch:198 Test set: Average loss: 0.3810, Accuracy: 8880/10000 (88.80%) [Error 11.20%]
Epoch:199 Test set: Average loss: 0.3525, Accuracy: 8916/10000 (89.16%) [Error 10.84%]
Epoch:200 Test set: Average loss: 0.3370, Accuracy: 8977/10000 (89.77%) [Error 10.23%]
Epoch:201 Test set: Average loss: 0.3213, Accuracy: 9002/10000 (90.02%) [Error 9.98%]
Epoch:202 Test set: Average loss: 0.3107, Accuracy: 9025/10000 (90.25%) [Error 9.75%]
Epoch:203 Test set: Average loss: 0.3628, Accuracy: 8873/10000 (88.73%) [Error 11.27%]
Epoch:204 Test set: Average loss: 0.3532, Accuracy: 8940/10000 (89.40%) [Error 10.60%]
Epoch:205 Test set: Average loss: 0.3310, Accuracy: 8974/10000 (89.74%) [Error 10.26%]
Epoch:206 Test set: Average loss: 0.3426, Accuracy: 8944/10000 (89.44%) [Error 10.56%]
Epoch:207 Test set: Average loss: 0.3154, Accuracy: 9009/10000 (90.09%) [Error 9.91%]
Epoch:208 Test set: Average loss: 0.3164, Accuracy: 9032/10000 (90.32%) [Error 9.68%]
Epoch:209 Test set: Average loss: 0.3274, Accuracy: 9000/10000 (90.00%) [Error 10.00%]
Epoch:210 Test set: Average loss: 0.3598, Accuracy: 8932/10000 (89.32%) [Error 10.68%]
Epoch:211 Test set: Average loss: 0.3371, Accuracy: 8988/10000 (89.88%) [Error 10.12%]
Epoch:212 Test set: Average loss: 0.3305, Accuracy: 8989/10000 (89.89%) [Error 10.11%]
Epoch:213 Test set: Average loss: 0.3482, Accuracy: 8960/10000 (89.60%) [Error 10.40%]
Epoch:214 Test set: Average loss: 0.3252, Accuracy: 9022/10000 (90.22%) [Error 9.78%]
Epoch:215 Test set: Average loss: 0.3503, Accuracy: 8967/10000 (89.67%) [Error 10.33%]
Epoch:216 Test set: Average loss: 0.3626, Accuracy: 8930/10000 (89.30%) [Error 10.70%]
Epoch:217 Test set: Average loss: 0.3395, Accuracy: 8968/10000 (89.68%) [Error 10.32%]
Epoch:218 Test set: Average loss: 0.3355, Accuracy: 8965/10000 (89.65%) [Error 10.35%]
Epoch:219 Test set: Average loss: 0.3223, Accuracy: 9044/10000 (90.44%) [Error 9.56%]
Epoch:220 Test set: Average loss: 0.3884, Accuracy: 8878/10000 (88.78%) [Error 11.22%]
Epoch:221 Test set: Average loss: 0.3517, Accuracy: 8972/10000 (89.72%) [Error 10.28%]
Epoch:222 Test set: Average loss: 0.3568, Accuracy: 8941/10000 (89.41%) [Error 10.59%]
Epoch:223 Test set: Average loss: 0.4070, Accuracy: 8806/10000 (88.06%) [Error 11.94%]
Epoch:224 Test set: Average loss: 0.3534, Accuracy: 8933/10000 (89.33%) [Error 10.67%]
Epoch:225 Test set: Average loss: 0.4248, Accuracy: 8725/10000 (87.25%) [Error 12.75%]
Epoch:226 Test set: Average loss: 0.3400, Accuracy: 8970/10000 (89.70%) [Error 10.30%]
Epoch:227 Test set: Average loss: 0.3279, Accuracy: 9039/10000 (90.39%) [Error 9.61%]
Epoch:228 Test set: Average loss: 0.3563, Accuracy: 8949/10000 (89.49%) [Error 10.51%]
Epoch:229 Test set: Average loss: 0.3514, Accuracy: 8911/10000 (89.11%) [Error 10.89%]
Epoch:230 Test set: Average loss: 0.3321, Accuracy: 9018/10000 (90.18%) [Error 9.82%]
Epoch:231 Test set: Average loss: 0.3489, Accuracy: 8920/10000 (89.20%) [Error 10.80%]
Epoch:232 Test set: Average loss: 0.3411, Accuracy: 8921/10000 (89.21%) [Error 10.79%]
Epoch:233 Test set: Average loss: 0.3429, Accuracy: 8965/10000 (89.65%) [Error 10.35%]
Epoch:234 Test set: Average loss: 0.3724, Accuracy: 8912/10000 (89.12%) [Error 10.88%]
Epoch:235 Test set: Average loss: 0.3232, Accuracy: 8995/10000 (89.95%) [Error 10.05%]
Epoch:236 Test set: Average loss: 0.3132, Accuracy: 9046/10000 (90.46%) [Error 9.54%]
Epoch:237 Test set: Average loss: 0.3603, Accuracy: 8895/10000 (88.95%) [Error 11.05%]
Epoch:238 Test set: Average loss: 0.3465, Accuracy: 8965/10000 (89.65%) [Error 10.35%]
Epoch:239 Test set: Average loss: 0.3713, Accuracy: 8879/10000 (88.79%) [Error 11.21%]
Epoch:240 Test set: Average loss: 0.3353, Accuracy: 8987/10000 (89.87%) [Error 10.13%]
Epoch:241 Test set: Average loss: 0.3486, Accuracy: 8976/10000 (89.76%) [Error 10.24%]
Epoch:242 Test set: Average loss: 0.3781, Accuracy: 8918/10000 (89.18%) [Error 10.82%]
Epoch:243 Test set: Average loss: 0.3564, Accuracy: 8966/10000 (89.66%) [Error 10.34%]
Epoch:244 Test set: Average loss: 0.4003, Accuracy: 8829/10000 (88.29%) [Error 11.71%]
Epoch:245 Test set: Average loss: 0.3757, Accuracy: 8880/10000 (88.80%) [Error 11.20%]
Epoch:246 Test set: Average loss: 0.3369, Accuracy: 8980/10000 (89.80%) [Error 10.20%]
Epoch:247 Test set: Average loss: 0.4302, Accuracy: 8719/10000 (87.19%) [Error 12.81%]
Epoch:248 Test set: Average loss: 0.3538, Accuracy: 8961/10000 (89.61%) [Error 10.39%]
Epoch:249 Test set: Average loss: 0.3499, Accuracy: 8932/10000 (89.32%) [Error 10.68%]
Epoch:250 Test set: Average loss: 0.3465, Accuracy: 8990/10000 (89.90%) [Error 10.10%]
Epoch:251 Test set: Average loss: 0.2595, Accuracy: 9199/10000 (91.99%) [Error 8.01%]
Epoch:252 Test set: Average loss: 0.2582, Accuracy: 9230/10000 (92.30%) [Error 7.70%]
Epoch:253 Test set: Average loss: 0.2523, Accuracy: 9243/10000 (92.43%) [Error 7.57%]
Epoch:254 Test set: Average loss: 0.2559, Accuracy: 9226/10000 (92.26%) [Error 7.74%]
Epoch:255 Test set: Average loss: 0.2569, Accuracy: 9223/10000 (92.23%) [Error 7.77%]
Epoch:256 Test set: Average loss: 0.2525, Accuracy: 9228/10000 (92.28%) [Error 7.72%]
Epoch:257 Test set: Average loss: 0.2521, Accuracy: 9257/10000 (92.57%) [Error 7.43%]
Epoch:258 Test set: Average loss: 0.2530, Accuracy: 9263/10000 (92.63%) [Error 7.37%]
Epoch:259 Test set: Average loss: 0.2518, Accuracy: 9259/10000 (92.59%) [Error 7.41%]
Epoch:260 Test set: Average loss: 0.2571, Accuracy: 9256/10000 (92.56%) [Error 7.44%]
Epoch:261 Test set: Average loss: 0.2537, Accuracy: 9253/10000 (92.53%) [Error 7.47%]
Epoch:262 Test set: Average loss: 0.2581, Accuracy: 9250/10000 (92.50%) [Error 7.50%]
Epoch:263 Test set: Average loss: 0.2577, Accuracy: 9251/10000 (92.51%) [Error 7.49%]
Epoch:264 Test set: Average loss: 0.2567, Accuracy: 9260/10000 (92.60%) [Error 7.40%]
Epoch:265 Test set: Average loss: 0.2570, Accuracy: 9260/10000 (92.60%) [Error 7.40%]
Epoch:266 Test set: Average loss: 0.2589, Accuracy: 9240/10000 (92.40%) [Error 7.60%]
Epoch:267 Test set: Average loss: 0.2624, Accuracy: 9247/10000 (92.47%) [Error 7.53%]
Epoch:268 Test set: Average loss: 0.2607, Accuracy: 9261/10000 (92.61%) [Error 7.39%]
Epoch:269 Test set: Average loss: 0.2589, Accuracy: 9257/10000 (92.57%) [Error 7.43%]
Epoch:270 Test set: Average loss: 0.2615, Accuracy: 9255/10000 (92.55%) [Error 7.45%]
Epoch:271 Test set: Average loss: 0.2583, Accuracy: 9271/10000 (92.71%) [Error 7.29%]
Epoch:272 Test set: Average loss: 0.2609, Accuracy: 9256/10000 (92.56%) [Error 7.44%]
Epoch:273 Test set: Average loss: 0.2601, Accuracy: 9253/10000 (92.53%) [Error 7.47%]
Epoch:274 Test set: Average loss: 0.2615, Accuracy: 9256/10000 (92.56%) [Error 7.44%]
Epoch:275 Test set: Average loss: 0.2642, Accuracy: 9257/10000 (92.57%) [Error 7.43%]
Epoch:276 Test set: Average loss: 0.2677, Accuracy: 9253/10000 (92.53%) [Error 7.47%]
Epoch:277 Test set: Average loss: 0.2672, Accuracy: 9253/10000 (92.53%) [Error 7.47%]
Epoch:278 Test set: Average loss: 0.2676, Accuracy: 9270/10000 (92.70%) [Error 7.30%]
Epoch:279 Test set: Average loss: 0.2668, Accuracy: 9257/10000 (92.57%) [Error 7.43%]
Epoch:280 Test set: Average loss: 0.2654, Accuracy: 9255/10000 (92.55%) [Error 7.45%]
Epoch:281 Test set: Average loss: 0.2654, Accuracy: 9260/10000 (92.60%) [Error 7.40%]
Epoch:282 Test set: Average loss: 0.2647, Accuracy: 9265/10000 (92.65%) [Error 7.35%]
Epoch:283 Test set: Average loss: 0.2696, Accuracy: 9254/10000 (92.54%) [Error 7.46%]
Epoch:284 Test set: Average loss: 0.2692, Accuracy: 9248/10000 (92.48%) [Error 7.52%]
Epoch:285 Test set: Average loss: 0.2684, Accuracy: 9258/10000 (92.58%) [Error 7.42%]
Epoch:286 Test set: Average loss: 0.2687, Accuracy: 9268/10000 (92.68%) [Error 7.32%]
Epoch:287 Test set: Average loss: 0.2710, Accuracy: 9258/10000 (92.58%) [Error 7.42%]
Epoch:288 Test set: Average loss: 0.2728, Accuracy: 9266/10000 (92.66%) [Error 7.34%]
Epoch:289 Test set: Average loss: 0.2726, Accuracy: 9256/10000 (92.56%) [Error 7.44%]
Epoch:290 Test set: Average loss: 0.2710, Accuracy: 9265/10000 (92.65%) [Error 7.35%]
Epoch:291 Test set: Average loss: 0.2685, Accuracy: 9274/10000 (92.74%) [Error 7.26%]
Epoch:292 Test set: Average loss: 0.2722, Accuracy: 9272/10000 (92.72%) [Error 7.28%]
Epoch:293 Test set: Average loss: 0.2725, Accuracy: 9258/10000 (92.58%) [Error 7.42%]
Epoch:294 Test set: Average loss: 0.2750, Accuracy: 9259/10000 (92.59%) [Error 7.41%]
Epoch:295 Test set: Average loss: 0.2722, Accuracy: 9261/10000 (92.61%) [Error 7.39%]
Epoch:296 Test set: Average loss: 0.2755, Accuracy: 9262/10000 (92.62%) [Error 7.38%]
Epoch:297 Test set: Average loss: 0.2752, Accuracy: 9261/10000 (92.61%) [Error 7.39%]
Epoch:298 Test set: Average loss: 0.2723, Accuracy: 9253/10000 (92.53%) [Error 7.47%]
Epoch:299 Test set: Average loss: 0.2749, Accuracy: 9262/10000 (92.62%) [Error 7.38%]
Epoch:300 Test set: Average loss: 0.2737, Accuracy: 9269/10000 (92.69%) [Error 7.31%]
Epoch:301 Test set: Average loss: 0.2752, Accuracy: 9246/10000 (92.46%) [Error 7.54%]
Epoch:302 Test set: Average loss: 0.2766, Accuracy: 9250/10000 (92.50%) [Error 7.50%]
Epoch:303 Test set: Average loss: 0.2747, Accuracy: 9266/10000 (92.66%) [Error 7.34%]
Epoch:304 Test set: Average loss: 0.2764, Accuracy: 9250/10000 (92.50%) [Error 7.50%]
Epoch:305 Test set: Average loss: 0.2771, Accuracy: 9269/10000 (92.69%) [Error 7.31%]
Epoch:306 Test set: Average loss: 0.2794, Accuracy: 9252/10000 (92.52%) [Error 7.48%]
Epoch:307 Test set: Average loss: 0.2766, Accuracy: 9266/10000 (92.66%) [Error 7.34%]
Epoch:308 Test set: Average loss: 0.2811, Accuracy: 9251/10000 (92.51%) [Error 7.49%]
Epoch:309 Test set: Average loss: 0.2832, Accuracy: 9245/10000 (92.45%) [Error 7.55%]
Epoch:310 Test set: Average loss: 0.2832, Accuracy: 9252/10000 (92.52%) [Error 7.48%]
Epoch:311 Test set: Average loss: 0.2813, Accuracy: 9247/10000 (92.47%) [Error 7.53%]
Epoch:312 Test set: Average loss: 0.2775, Accuracy: 9254/10000 (92.54%) [Error 7.46%]
Epoch:313 Test set: Average loss: 0.2773, Accuracy: 9267/10000 (92.67%) [Error 7.33%]
Epoch:314 Test set: Average loss: 0.2810, Accuracy: 9261/10000 (92.61%) [Error 7.39%]
Epoch:315 Test set: Average loss: 0.2799, Accuracy: 9233/10000 (92.33%) [Error 7.67%]
Epoch:316 Test set: Average loss: 0.2781, Accuracy: 9254/10000 (92.54%) [Error 7.46%]
Epoch:317 Test set: Average loss: 0.2831, Accuracy: 9249/10000 (92.49%) [Error 7.51%]
Epoch:318 Test set: Average loss: 0.2817, Accuracy: 9231/10000 (92.31%) [Error 7.69%]
Epoch:319 Test set: Average loss: 0.2840, Accuracy: 9252/10000 (92.52%) [Error 7.48%]
Epoch:320 Test set: Average loss: 0.2825, Accuracy: 9239/10000 (92.39%) [Error 7.61%]
Epoch:321 Test set: Average loss: 0.2799, Accuracy: 9249/10000 (92.49%) [Error 7.51%]
Epoch:322 Test set: Average loss: 0.2798, Accuracy: 9252/10000 (92.52%) [Error 7.48%]
Epoch:323 Test set: Average loss: 0.2842, Accuracy: 9249/10000 (92.49%) [Error 7.51%]
Epoch:324 Test set: Average loss: 0.2849, Accuracy: 9253/10000 (92.53%) [Error 7.47%]
Epoch:325 Test set: Average loss: 0.2876, Accuracy: 9241/10000 (92.41%) [Error 7.59%]
Epoch:326 Test set: Average loss: 0.2851, Accuracy: 9255/10000 (92.55%) [Error 7.45%]
Epoch:327 Test set: Average loss: 0.2789, Accuracy: 9251/10000 (92.51%) [Error 7.49%]
Epoch:328 Test set: Average loss: 0.2905, Accuracy: 9231/10000 (92.31%) [Error 7.69%]
Epoch:329 Test set: Average loss: 0.2870, Accuracy: 9240/10000 (92.40%) [Error 7.60%]
Epoch:330 Test set: Average loss: 0.2885, Accuracy: 9247/10000 (92.47%) [Error 7.53%]
Epoch:331 Test set: Average loss: 0.2851, Accuracy: 9252/10000 (92.52%) [Error 7.48%]
Epoch:332 Test set: Average loss: 0.2854, Accuracy: 9246/10000 (92.46%) [Error 7.54%]
Epoch:333 Test set: Average loss: 0.2899, Accuracy: 9251/10000 (92.51%) [Error 7.49%]
Epoch:334 Test set: Average loss: 0.2831, Accuracy: 9250/10000 (92.50%) [Error 7.50%]
Epoch:335 Test set: Average loss: 0.2838, Accuracy: 9238/10000 (92.38%) [Error 7.62%]
Epoch:336 Test set: Average loss: 0.2823, Accuracy: 9258/10000 (92.58%) [Error 7.42%]
Epoch:337 Test set: Average loss: 0.2848, Accuracy: 9250/10000 (92.50%) [Error 7.50%]
Epoch:338 Test set: Average loss: 0.2882, Accuracy: 9252/10000 (92.52%) [Error 7.48%]
Epoch:339 Test set: Average loss: 0.2825, Accuracy: 9262/10000 (92.62%) [Error 7.38%]
Epoch:340 Test set: Average loss: 0.2892, Accuracy: 9239/10000 (92.39%) [Error 7.61%]
Epoch:341 Test set: Average loss: 0.2870, Accuracy: 9258/10000 (92.58%) [Error 7.42%]
Epoch:342 Test set: Average loss: 0.2845, Accuracy: 9254/10000 (92.54%) [Error 7.46%]
Epoch:343 Test set: Average loss: 0.2864, Accuracy: 9253/10000 (92.53%) [Error 7.47%]
Epoch:344 Test set: Average loss: 0.2875, Accuracy: 9256/10000 (92.56%) [Error 7.44%]
Epoch:345 Test set: Average loss: 0.2936, Accuracy: 9237/10000 (92.37%) [Error 7.63%]
Epoch:346 Test set: Average loss: 0.2878, Accuracy: 9240/10000 (92.40%) [Error 7.60%]
Epoch:347 Test set: Average loss: 0.2835, Accuracy: 9264/10000 (92.64%) [Error 7.36%]
Epoch:348 Test set: Average loss: 0.2858, Accuracy: 9248/10000 (92.48%) [Error 7.52%]
Epoch:349 Test set: Average loss: 0.2869, Accuracy: 9230/10000 (92.30%) [Error 7.70%]
Epoch:350 Test set: Average loss: 0.2889, Accuracy: 9242/10000 (92.42%) [Error 7.58%]
Epoch:351 Test set: Average loss: 0.2849, Accuracy: 9258/10000 (92.58%) [Error 7.42%]
Epoch:352 Test set: Average loss: 0.2841, Accuracy: 9262/10000 (92.62%) [Error 7.38%]
Epoch:353 Test set: Average loss: 0.2854, Accuracy: 9243/10000 (92.43%) [Error 7.57%]
Epoch:354 Test set: Average loss: 0.2841, Accuracy: 9247/10000 (92.47%) [Error 7.53%]
Epoch:355 Test set: Average loss: 0.2837, Accuracy: 9257/10000 (92.57%) [Error 7.43%]
Epoch:356 Test set: Average loss: 0.2851, Accuracy: 9255/10000 (92.55%) [Error 7.45%]
Epoch:357 Test set: Average loss: 0.2837, Accuracy: 9257/10000 (92.57%) [Error 7.43%]
Epoch:358 Test set: Average loss: 0.2857, Accuracy: 9258/10000 (92.58%) [Error 7.42%]
Epoch:359 Test set: Average loss: 0.2830, Accuracy: 9265/10000 (92.65%) [Error 7.35%]
Epoch:360 Test set: Average loss: 0.2829, Accuracy: 9264/10000 (92.64%) [Error 7.36%]
Epoch:361 Test set: Average loss: 0.2856, Accuracy: 9260/10000 (92.60%) [Error 7.40%]
Epoch:362 Test set: Average loss: 0.2847, Accuracy: 9253/10000 (92.53%) [Error 7.47%]
Epoch:363 Test set: Average loss: 0.2871, Accuracy: 9247/10000 (92.47%) [Error 7.53%]
Epoch:364 Test set: Average loss: 0.2841, Accuracy: 9254/10000 (92.54%) [Error 7.46%]
Epoch:365 Test set: Average loss: 0.2861, Accuracy: 9260/10000 (92.60%) [Error 7.40%]
Epoch:366 Test set: Average loss: 0.2831, Accuracy: 9260/10000 (92.60%) [Error 7.40%]
Epoch:367 Test set: Average loss: 0.2836, Accuracy: 9259/10000 (92.59%) [Error 7.41%]
Epoch:368 Test set: Average loss: 0.2847, Accuracy: 9252/10000 (92.52%) [Error 7.48%]
Epoch:369 Test set: Average loss: 0.2855, Accuracy: 9256/10000 (92.56%) [Error 7.44%]
Epoch:370 Test set: Average loss: 0.2838, Accuracy: 9259/10000 (92.59%) [Error 7.41%]
Epoch:371 Test set: Average loss: 0.2843, Accuracy: 9260/10000 (92.60%) [Error 7.40%]
Epoch:372 Test set: Average loss: 0.2817, Accuracy: 9275/10000 (92.75%) [Error 7.25%]
Epoch:373 Test set: Average loss: 0.2838, Accuracy: 9263/10000 (92.63%) [Error 7.37%]
Epoch:374 Test set: Average loss: 0.2854, Accuracy: 9263/10000 (92.63%) [Error 7.37%]
Epoch:375 Test set: Average loss: 0.2845, Accuracy: 9260/10000 (92.60%) [Error 7.40%]
Epoch:376 Test set: Average loss: 0.2840, Accuracy: 9259/10000 (92.59%) [Error 7.41%]
Epoch:377 Test set: Average loss: 0.2867, Accuracy: 9268/10000 (92.68%) [Error 7.32%]
Epoch:378 Test set: Average loss: 0.2840, Accuracy: 9266/10000 (92.66%) [Error 7.34%]
Epoch:379 Test set: Average loss: 0.2832, Accuracy: 9255/10000 (92.55%) [Error 7.45%]
Epoch:380 Test set: Average loss: 0.2849, Accuracy: 9263/10000 (92.63%) [Error 7.37%]
Epoch:381 Test set: Average loss: 0.2862, Accuracy: 9263/10000 (92.63%) [Error 7.37%]
Epoch:382 Test set: Average loss: 0.2867, Accuracy: 9253/10000 (92.53%) [Error 7.47%]
Epoch:383 Test set: Average loss: 0.2867, Accuracy: 9253/10000 (92.53%) [Error 7.47%]
Epoch:384 Test set: Average loss: 0.2849, Accuracy: 9262/10000 (92.62%) [Error 7.38%]
Epoch:385 Test set: Average loss: 0.2839, Accuracy: 9273/10000 (92.73%) [Error 7.27%]
Epoch:386 Test set: Average loss: 0.2842, Accuracy: 9272/10000 (92.72%) [Error 7.28%]
Epoch:387 Test set: Average loss: 0.2849, Accuracy: 9264/10000 (92.64%) [Error 7.36%]
Epoch:388 Test set: Average loss: 0.2854, Accuracy: 9257/10000 (92.57%) [Error 7.43%]
Epoch:389 Test set: Average loss: 0.2850, Accuracy: 9261/10000 (92.61%) [Error 7.39%]
Epoch:390 Test set: Average loss: 0.2848, Accuracy: 9282/10000 (92.82%) [Error 7.18%]
Epoch:391 Test set: Average loss: 0.2863, Accuracy: 9269/10000 (92.69%) [Error 7.31%]
Epoch:392 Test set: Average loss: 0.2848, Accuracy: 9265/10000 (92.65%) [Error 7.35%]
Epoch:393 Test set: Average loss: 0.2864, Accuracy: 9268/10000 (92.68%) [Error 7.32%]
Epoch:394 Test set: Average loss: 0.2846, Accuracy: 9261/10000 (92.61%) [Error 7.39%]
Epoch:395 Test set: Average loss: 0.2852, Accuracy: 9265/10000 (92.65%) [Error 7.35%]
Epoch:396 Test set: Average loss: 0.2841, Accuracy: 9275/10000 (92.75%) [Error 7.25%]
Epoch:397 Test set: Average loss: 0.2847, Accuracy: 9263/10000 (92.63%) [Error 7.37%]
Epoch:398 Test set: Average loss: 0.2840, Accuracy: 9264/10000 (92.64%) [Error 7.36%]
Epoch:399 Test set: Average loss: 0.2853, Accuracy: 9266/10000 (92.66%) [Error 7.34%]
Epoch:400 Test set: Average loss: 0.2847, Accuracy: 9268/10000 (92.68%) [Error 7.32%]
