Files already downloaded and verified
Conv2d
BatchNorm2d
Conv2d
BatchNorm2d
Conv2d
BatchNorm2d
Sequential
BasicBlock
Conv2d
BatchNorm2d
Conv2d
BatchNorm2d
Sequential
BasicBlock
Conv2d
BatchNorm2d
Conv2d
BatchNorm2d
Sequential
BasicBlock
Sequential
Conv2d
BatchNorm2d
Conv2d
BatchNorm2d
LambdaLayer
BasicBlock
Conv2d
BatchNorm2d
Conv2d
BatchNorm2d
Sequential
BasicBlock
Conv2d
BatchNorm2d
Conv2d
BatchNorm2d
Sequential
BasicBlock
Sequential
Conv2d
BatchNorm2d
Conv2d
BatchNorm2d
LambdaLayer
BasicBlock
Conv2d
BatchNorm2d
Conv2d
BatchNorm2d
Sequential
BasicBlock
Conv2d
BatchNorm2d
Conv2d
BatchNorm2d
Sequential
BasicBlock
Sequential
Linear
ResNet
Epoch:1 Test set: Average loss: 1.4775, Accuracy: 4777/10000 (47.77%) [Error 52.23%]
Epoch:2 Test set: Average loss: 1.4565, Accuracy: 5270/10000 (52.70%) [Error 47.30%]
Epoch:3 Test set: Average loss: 1.3765, Accuracy: 5468/10000 (54.68%) [Error 45.32%]
Epoch:4 Test set: Average loss: 1.0405, Accuracy: 6598/10000 (65.98%) [Error 34.02%]
Epoch:5 Test set: Average loss: 0.8140, Accuracy: 7159/10000 (71.59%) [Error 28.41%]
Epoch:6 Test set: Average loss: 0.8558, Accuracy: 7062/10000 (70.62%) [Error 29.38%]
Epoch:7 Test set: Average loss: 1.0098, Accuracy: 6841/10000 (68.41%) [Error 31.59%]
Epoch:8 Test set: Average loss: 0.8018, Accuracy: 7459/10000 (74.59%) [Error 25.41%]
Epoch:9 Test set: Average loss: 0.7128, Accuracy: 7630/10000 (76.30%) [Error 23.70%]
Epoch:10 Test set: Average loss: 0.7603, Accuracy: 7421/10000 (74.21%) [Error 25.79%]
Epoch:11 Test set: Average loss: 0.6423, Accuracy: 7778/10000 (77.78%) [Error 22.22%]
Epoch:12 Test set: Average loss: 0.6910, Accuracy: 7727/10000 (77.27%) [Error 22.73%]
Epoch:13 Test set: Average loss: 0.7892, Accuracy: 7453/10000 (74.53%) [Error 25.47%]
Epoch:14 Test set: Average loss: 0.6488, Accuracy: 7816/10000 (78.16%) [Error 21.84%]
Epoch:15 Test set: Average loss: 0.9420, Accuracy: 7130/10000 (71.30%) [Error 28.70%]
Epoch:16 Test set: Average loss: 0.9605, Accuracy: 7051/10000 (70.51%) [Error 29.49%]
Epoch:17 Test set: Average loss: 0.7348, Accuracy: 7552/10000 (75.52%) [Error 24.48%]
Epoch:18 Test set: Average loss: 0.6125, Accuracy: 7982/10000 (79.82%) [Error 20.18%]
Epoch:19 Test set: Average loss: 0.7370, Accuracy: 7600/10000 (76.00%) [Error 24.00%]
Epoch:20 Test set: Average loss: 0.8007, Accuracy: 7570/10000 (75.70%) [Error 24.30%]
Epoch:21 Test set: Average loss: 0.6557, Accuracy: 7897/10000 (78.97%) [Error 21.03%]
Epoch:22 Test set: Average loss: 0.6552, Accuracy: 7813/10000 (78.13%) [Error 21.87%]
Epoch:23 Test set: Average loss: 0.6075, Accuracy: 7994/10000 (79.94%) [Error 20.06%]
Epoch:24 Test set: Average loss: 0.5776, Accuracy: 8041/10000 (80.41%) [Error 19.59%]
Epoch:25 Test set: Average loss: 0.6591, Accuracy: 7853/10000 (78.53%) [Error 21.47%]
Epoch:26 Test set: Average loss: 0.6231, Accuracy: 7942/10000 (79.42%) [Error 20.58%]
Epoch:27 Test set: Average loss: 0.6612, Accuracy: 7796/10000 (77.96%) [Error 22.04%]
Epoch:28 Test set: Average loss: 0.6445, Accuracy: 7852/10000 (78.52%) [Error 21.48%]
Epoch:29 Test set: Average loss: 0.7137, Accuracy: 7636/10000 (76.36%) [Error 23.64%]
Epoch:30 Test set: Average loss: 0.7441, Accuracy: 7555/10000 (75.55%) [Error 24.45%]
Epoch:31 Test set: Average loss: 0.5121, Accuracy: 8202/10000 (82.02%) [Error 17.98%]
Epoch:32 Test set: Average loss: 0.6749, Accuracy: 7781/10000 (77.81%) [Error 22.19%]
Epoch:33 Test set: Average loss: 0.7910, Accuracy: 7489/10000 (74.89%) [Error 25.11%]
Epoch:34 Test set: Average loss: 0.6901, Accuracy: 7778/10000 (77.78%) [Error 22.22%]
Epoch:35 Test set: Average loss: 0.7235, Accuracy: 7647/10000 (76.47%) [Error 23.53%]
Epoch:36 Test set: Average loss: 0.6941, Accuracy: 7738/10000 (77.38%) [Error 22.62%]
Epoch:37 Test set: Average loss: 0.5356, Accuracy: 8164/10000 (81.64%) [Error 18.36%]
Epoch:38 Test set: Average loss: 0.5501, Accuracy: 8127/10000 (81.27%) [Error 18.73%]
Epoch:39 Test set: Average loss: 0.5865, Accuracy: 8029/10000 (80.29%) [Error 19.71%]
Epoch:40 Test set: Average loss: 0.5783, Accuracy: 7942/10000 (79.42%) [Error 20.58%]
Epoch:41 Test set: Average loss: 1.2929, Accuracy: 6708/10000 (67.08%) [Error 32.92%]
Epoch:42 Test set: Average loss: 0.7191, Accuracy: 7660/10000 (76.60%) [Error 23.40%]
Epoch:43 Test set: Average loss: 0.7428, Accuracy: 7646/10000 (76.46%) [Error 23.54%]
Epoch:44 Test set: Average loss: 0.9541, Accuracy: 7083/10000 (70.83%) [Error 29.17%]
Epoch:45 Test set: Average loss: 0.8294, Accuracy: 7506/10000 (75.06%) [Error 24.94%]
Epoch:46 Test set: Average loss: 0.6860, Accuracy: 7778/10000 (77.78%) [Error 22.22%]
Epoch:47 Test set: Average loss: 0.6892, Accuracy: 7849/10000 (78.49%) [Error 21.51%]
Epoch:48 Test set: Average loss: 0.6917, Accuracy: 7774/10000 (77.74%) [Error 22.26%]
Epoch:49 Test set: Average loss: 0.8904, Accuracy: 7178/10000 (71.78%) [Error 28.22%]
Epoch:50 Test set: Average loss: 0.8462, Accuracy: 7438/10000 (74.38%) [Error 25.62%]
Epoch:51 Test set: Average loss: 1.0430, Accuracy: 6954/10000 (69.54%) [Error 30.46%]
Epoch:52 Test set: Average loss: 0.7623, Accuracy: 7584/10000 (75.84%) [Error 24.16%]
Epoch:53 Test set: Average loss: 0.6423, Accuracy: 7887/10000 (78.87%) [Error 21.13%]
Epoch:54 Test set: Average loss: 0.5891, Accuracy: 8042/10000 (80.42%) [Error 19.58%]
Epoch:55 Test set: Average loss: 0.6898, Accuracy: 7752/10000 (77.52%) [Error 22.48%]
Epoch:56 Test set: Average loss: 0.6663, Accuracy: 7792/10000 (77.92%) [Error 22.08%]
Epoch:57 Test set: Average loss: 0.7125, Accuracy: 7719/10000 (77.19%) [Error 22.81%]
Epoch:58 Test set: Average loss: 0.9079, Accuracy: 7240/10000 (72.40%) [Error 27.60%]
Epoch:59 Test set: Average loss: 0.6110, Accuracy: 7983/10000 (79.83%) [Error 20.17%]
Epoch:60 Test set: Average loss: 0.5750, Accuracy: 8112/10000 (81.12%) [Error 18.88%]
Epoch:61 Test set: Average loss: 0.7840, Accuracy: 7486/10000 (74.86%) [Error 25.14%]
Epoch:62 Test set: Average loss: 0.7069, Accuracy: 7859/10000 (78.59%) [Error 21.41%]
Epoch:63 Test set: Average loss: 0.5904, Accuracy: 8004/10000 (80.04%) [Error 19.96%]
Epoch:64 Test set: Average loss: 0.7959, Accuracy: 7438/10000 (74.38%) [Error 25.62%]
Epoch:65 Test set: Average loss: 0.6807, Accuracy: 7764/10000 (77.64%) [Error 22.36%]
Epoch:66 Test set: Average loss: 0.6986, Accuracy: 7731/10000 (77.31%) [Error 22.69%]
Epoch:67 Test set: Average loss: 0.7489, Accuracy: 7526/10000 (75.26%) [Error 24.74%]
Epoch:68 Test set: Average loss: 0.5360, Accuracy: 8180/10000 (81.80%) [Error 18.20%]
Epoch:69 Test set: Average loss: 0.7536, Accuracy: 7655/10000 (76.55%) [Error 23.45%]
Epoch:70 Test set: Average loss: 0.9044, Accuracy: 7012/10000 (70.12%) [Error 29.88%]
Epoch:71 Test set: Average loss: 0.9611, Accuracy: 7234/10000 (72.34%) [Error 27.66%]
Epoch:72 Test set: Average loss: 0.5333, Accuracy: 8159/10000 (81.59%) [Error 18.41%]
Epoch:73 Test set: Average loss: 0.5996, Accuracy: 7978/10000 (79.78%) [Error 20.22%]
Epoch:74 Test set: Average loss: 0.7475, Accuracy: 7636/10000 (76.36%) [Error 23.64%]
Epoch:75 Test set: Average loss: 0.6999, Accuracy: 7745/10000 (77.45%) [Error 22.55%]
Epoch:76 Test set: Average loss: 0.7905, Accuracy: 7535/10000 (75.35%) [Error 24.65%]
Epoch:77 Test set: Average loss: 0.5702, Accuracy: 8055/10000 (80.55%) [Error 19.45%]
Epoch:78 Test set: Average loss: 0.5653, Accuracy: 8135/10000 (81.35%) [Error 18.65%]
Epoch:79 Test set: Average loss: 0.6425, Accuracy: 7917/10000 (79.17%) [Error 20.83%]
Epoch:80 Test set: Average loss: 0.6400, Accuracy: 7820/10000 (78.20%) [Error 21.80%]
Epoch:81 Test set: Average loss: 0.7657, Accuracy: 7571/10000 (75.71%) [Error 24.29%]
Epoch:82 Test set: Average loss: 0.9637, Accuracy: 7143/10000 (71.43%) [Error 28.57%]
Epoch:83 Test set: Average loss: 0.6918, Accuracy: 7796/10000 (77.96%) [Error 22.04%]
Epoch:84 Test set: Average loss: 0.7881, Accuracy: 7524/10000 (75.24%) [Error 24.76%]
Epoch:85 Test set: Average loss: 0.6237, Accuracy: 7996/10000 (79.96%) [Error 20.04%]
Epoch:86 Test set: Average loss: 0.7570, Accuracy: 7540/10000 (75.40%) [Error 24.60%]
Epoch:87 Test set: Average loss: 0.6337, Accuracy: 7977/10000 (79.77%) [Error 20.23%]
Epoch:88 Test set: Average loss: 0.6906, Accuracy: 7751/10000 (77.51%) [Error 22.49%]
Epoch:89 Test set: Average loss: 0.6700, Accuracy: 7693/10000 (76.93%) [Error 23.07%]
Epoch:90 Test set: Average loss: 0.9888, Accuracy: 7121/10000 (71.21%) [Error 28.79%]
Epoch:91 Test set: Average loss: 0.7307, Accuracy: 7776/10000 (77.76%) [Error 22.24%]
Epoch:92 Test set: Average loss: 0.6860, Accuracy: 7767/10000 (77.67%) [Error 22.33%]
Epoch:93 Test set: Average loss: 0.7436, Accuracy: 7542/10000 (75.42%) [Error 24.58%]
Epoch:94 Test set: Average loss: 1.1625, Accuracy: 6852/10000 (68.52%) [Error 31.48%]
Epoch:95 Test set: Average loss: 0.5941, Accuracy: 8054/10000 (80.54%) [Error 19.46%]
Epoch:96 Test set: Average loss: 0.6333, Accuracy: 7943/10000 (79.43%) [Error 20.57%]
Epoch:97 Test set: Average loss: 0.5839, Accuracy: 8107/10000 (81.07%) [Error 18.93%]
Epoch:98 Test set: Average loss: 0.6689, Accuracy: 7781/10000 (77.81%) [Error 22.19%]
Epoch:99 Test set: Average loss: 0.5826, Accuracy: 8004/10000 (80.04%) [Error 19.96%]
Epoch:100 Test set: Average loss: 0.6575, Accuracy: 7921/10000 (79.21%) [Error 20.79%]
Epoch:101 Test set: Average loss: 0.5123, Accuracy: 8234/10000 (82.34%) [Error 17.66%]
Epoch:102 Test set: Average loss: 1.0491, Accuracy: 7111/10000 (71.11%) [Error 28.89%]
Epoch:103 Test set: Average loss: 0.8071, Accuracy: 7386/10000 (73.86%) [Error 26.14%]
Epoch:104 Test set: Average loss: 0.4985, Accuracy: 8331/10000 (83.31%) [Error 16.69%]
Epoch:105 Test set: Average loss: 0.5994, Accuracy: 8097/10000 (80.97%) [Error 19.03%]
Epoch:106 Test set: Average loss: 0.6007, Accuracy: 7962/10000 (79.62%) [Error 20.38%]
Epoch:107 Test set: Average loss: 0.8592, Accuracy: 7465/10000 (74.65%) [Error 25.35%]
Epoch:108 Test set: Average loss: 0.7243, Accuracy: 7649/10000 (76.49%) [Error 23.51%]
Epoch:109 Test set: Average loss: 0.9433, Accuracy: 7302/10000 (73.02%) [Error 26.98%]
Epoch:110 Test set: Average loss: 0.5791, Accuracy: 8041/10000 (80.41%) [Error 19.59%]
Epoch:111 Test set: Average loss: 1.0556, Accuracy: 7094/10000 (70.94%) [Error 29.06%]
Epoch:112 Test set: Average loss: 0.7448, Accuracy: 7716/10000 (77.16%) [Error 22.84%]
Epoch:113 Test set: Average loss: 0.5312, Accuracy: 8204/10000 (82.04%) [Error 17.96%]
Epoch:114 Test set: Average loss: 1.0623, Accuracy: 6883/10000 (68.83%) [Error 31.17%]
Epoch:115 Test set: Average loss: 0.8050, Accuracy: 7534/10000 (75.34%) [Error 24.66%]
Epoch:116 Test set: Average loss: 0.7090, Accuracy: 7737/10000 (77.37%) [Error 22.63%]
Epoch:117 Test set: Average loss: 0.5100, Accuracy: 8263/10000 (82.63%) [Error 17.37%]
Epoch:118 Test set: Average loss: 0.6057, Accuracy: 8028/10000 (80.28%) [Error 19.72%]
Epoch:119 Test set: Average loss: 0.6711, Accuracy: 7830/10000 (78.30%) [Error 21.70%]
Epoch:120 Test set: Average loss: 0.6823, Accuracy: 7795/10000 (77.95%) [Error 22.05%]
Epoch:121 Test set: Average loss: 0.5538, Accuracy: 8191/10000 (81.91%) [Error 18.09%]
Epoch:122 Test set: Average loss: 0.5361, Accuracy: 8211/10000 (82.11%) [Error 17.89%]
Epoch:123 Test set: Average loss: 0.6223, Accuracy: 7939/10000 (79.39%) [Error 20.61%]
Epoch:124 Test set: Average loss: 0.9838, Accuracy: 7245/10000 (72.45%) [Error 27.55%]
Epoch:125 Test set: Average loss: 1.0286, Accuracy: 6983/10000 (69.83%) [Error 30.17%]
Epoch:126 Test set: Average loss: 0.5663, Accuracy: 8112/10000 (81.12%) [Error 18.88%]
Epoch:127 Test set: Average loss: 0.6064, Accuracy: 8076/10000 (80.76%) [Error 19.24%]
Epoch:128 Test set: Average loss: 0.4850, Accuracy: 8345/10000 (83.45%) [Error 16.55%]
Epoch:129 Test set: Average loss: 0.6637, Accuracy: 7791/10000 (77.91%) [Error 22.09%]
Epoch:130 Test set: Average loss: 0.6729, Accuracy: 7727/10000 (77.27%) [Error 22.73%]
Epoch:131 Test set: Average loss: 0.8741, Accuracy: 7225/10000 (72.25%) [Error 27.75%]
Epoch:132 Test set: Average loss: 0.7013, Accuracy: 7692/10000 (76.92%) [Error 23.08%]
Epoch:133 Test set: Average loss: 0.6257, Accuracy: 7953/10000 (79.53%) [Error 20.47%]
Epoch:134 Test set: Average loss: 0.6305, Accuracy: 7878/10000 (78.78%) [Error 21.22%]
Epoch:135 Test set: Average loss: 0.6823, Accuracy: 7826/10000 (78.26%) [Error 21.74%]
Epoch:136 Test set: Average loss: 0.8513, Accuracy: 7375/10000 (73.75%) [Error 26.25%]
Epoch:137 Test set: Average loss: 0.5169, Accuracy: 8300/10000 (83.00%) [Error 17.00%]
Epoch:138 Test set: Average loss: 0.5785, Accuracy: 8081/10000 (80.81%) [Error 19.19%]
Epoch:139 Test set: Average loss: 0.9511, Accuracy: 6991/10000 (69.91%) [Error 30.09%]
Epoch:140 Test set: Average loss: 0.6747, Accuracy: 7787/10000 (77.87%) [Error 22.13%]
Epoch:141 Test set: Average loss: 0.7013, Accuracy: 7765/10000 (77.65%) [Error 22.35%]
Epoch:142 Test set: Average loss: 0.5113, Accuracy: 8230/10000 (82.30%) [Error 17.70%]
Epoch:143 Test set: Average loss: 0.6071, Accuracy: 7996/10000 (79.96%) [Error 20.04%]
Epoch:144 Test set: Average loss: 0.6212, Accuracy: 7968/10000 (79.68%) [Error 20.32%]
Epoch:145 Test set: Average loss: 0.5641, Accuracy: 8089/10000 (80.89%) [Error 19.11%]
Epoch:146 Test set: Average loss: 0.5689, Accuracy: 8097/10000 (80.97%) [Error 19.03%]
Epoch:147 Test set: Average loss: 0.6383, Accuracy: 7882/10000 (78.82%) [Error 21.18%]
Epoch:148 Test set: Average loss: 0.6722, Accuracy: 7851/10000 (78.51%) [Error 21.49%]
Epoch:149 Test set: Average loss: 0.6783, Accuracy: 7768/10000 (77.68%) [Error 22.32%]
Epoch:150 Test set: Average loss: 0.8469, Accuracy: 7265/10000 (72.65%) [Error 27.35%]
Epoch:151 Test set: Average loss: 0.2968, Accuracy: 8985/10000 (89.85%) [Error 10.15%]
Epoch:152 Test set: Average loss: 0.2824, Accuracy: 9035/10000 (90.35%) [Error 9.65%]
Epoch:153 Test set: Average loss: 0.2731, Accuracy: 9082/10000 (90.82%) [Error 9.18%]
Epoch:154 Test set: Average loss: 0.2763, Accuracy: 9077/10000 (90.77%) [Error 9.23%]
Epoch:155 Test set: Average loss: 0.2763, Accuracy: 9109/10000 (91.09%) [Error 8.91%]
Epoch:156 Test set: Average loss: 0.2815, Accuracy: 9065/10000 (90.65%) [Error 9.35%]
Epoch:157 Test set: Average loss: 0.2672, Accuracy: 9108/10000 (91.08%) [Error 8.92%]
Epoch:158 Test set: Average loss: 0.2811, Accuracy: 9103/10000 (91.03%) [Error 8.97%]
Epoch:159 Test set: Average loss: 0.2793, Accuracy: 9086/10000 (90.86%) [Error 9.14%]
Epoch:160 Test set: Average loss: 0.2754, Accuracy: 9106/10000 (91.06%) [Error 8.94%]
Epoch:161 Test set: Average loss: 0.2667, Accuracy: 9130/10000 (91.30%) [Error 8.70%]
Epoch:162 Test set: Average loss: 0.2801, Accuracy: 9081/10000 (90.81%) [Error 9.19%]
Epoch:163 Test set: Average loss: 0.2927, Accuracy: 9064/10000 (90.64%) [Error 9.36%]
Epoch:164 Test set: Average loss: 0.3016, Accuracy: 9046/10000 (90.46%) [Error 9.54%]
Epoch:165 Test set: Average loss: 0.2983, Accuracy: 9063/10000 (90.63%) [Error 9.37%]
Epoch:166 Test set: Average loss: 0.3166, Accuracy: 9020/10000 (90.20%) [Error 9.80%]
Epoch:167 Test set: Average loss: 0.2921, Accuracy: 9082/10000 (90.82%) [Error 9.18%]
Epoch:168 Test set: Average loss: 0.2983, Accuracy: 9088/10000 (90.88%) [Error 9.12%]
Epoch:169 Test set: Average loss: 0.2976, Accuracy: 9019/10000 (90.19%) [Error 9.81%]
Epoch:170 Test set: Average loss: 0.2991, Accuracy: 9046/10000 (90.46%) [Error 9.54%]
Epoch:171 Test set: Average loss: 0.3538, Accuracy: 8882/10000 (88.82%) [Error 11.18%]
Epoch:172 Test set: Average loss: 0.3085, Accuracy: 9032/10000 (90.32%) [Error 9.68%]
Epoch:173 Test set: Average loss: 0.3051, Accuracy: 9037/10000 (90.37%) [Error 9.63%]
Epoch:174 Test set: Average loss: 0.3106, Accuracy: 9017/10000 (90.17%) [Error 9.83%]
Epoch:175 Test set: Average loss: 0.3318, Accuracy: 8979/10000 (89.79%) [Error 10.21%]
Epoch:176 Test set: Average loss: 0.3234, Accuracy: 9007/10000 (90.07%) [Error 9.93%]
Epoch:177 Test set: Average loss: 0.3289, Accuracy: 8973/10000 (89.73%) [Error 10.27%]
Epoch:178 Test set: Average loss: 0.3102, Accuracy: 9024/10000 (90.24%) [Error 9.76%]
Epoch:179 Test set: Average loss: 0.3321, Accuracy: 8970/10000 (89.70%) [Error 10.30%]
Epoch:180 Test set: Average loss: 0.3161, Accuracy: 9035/10000 (90.35%) [Error 9.65%]
Epoch:181 Test set: Average loss: 0.3280, Accuracy: 8979/10000 (89.79%) [Error 10.21%]
Epoch:182 Test set: Average loss: 0.3440, Accuracy: 8927/10000 (89.27%) [Error 10.73%]
Epoch:183 Test set: Average loss: 0.3444, Accuracy: 8949/10000 (89.49%) [Error 10.51%]
Epoch:184 Test set: Average loss: 0.3267, Accuracy: 8959/10000 (89.59%) [Error 10.41%]
Epoch:185 Test set: Average loss: 0.3547, Accuracy: 8944/10000 (89.44%) [Error 10.56%]
Epoch:186 Test set: Average loss: 0.3418, Accuracy: 8924/10000 (89.24%) [Error 10.76%]
Epoch:187 Test set: Average loss: 0.3490, Accuracy: 8930/10000 (89.30%) [Error 10.70%]
Epoch:188 Test set: Average loss: 0.3419, Accuracy: 8939/10000 (89.39%) [Error 10.61%]
Epoch:189 Test set: Average loss: 0.3691, Accuracy: 8897/10000 (88.97%) [Error 11.03%]
Epoch:190 Test set: Average loss: 0.3781, Accuracy: 8862/10000 (88.62%) [Error 11.38%]
Epoch:191 Test set: Average loss: 0.3387, Accuracy: 8969/10000 (89.69%) [Error 10.31%]
Epoch:192 Test set: Average loss: 0.3493, Accuracy: 8925/10000 (89.25%) [Error 10.75%]
Epoch:193 Test set: Average loss: 0.3606, Accuracy: 8945/10000 (89.45%) [Error 10.55%]
Epoch:194 Test set: Average loss: 0.3650, Accuracy: 8904/10000 (89.04%) [Error 10.96%]
Epoch:195 Test set: Average loss: 0.3182, Accuracy: 8992/10000 (89.92%) [Error 10.08%]
Epoch:196 Test set: Average loss: 0.3522, Accuracy: 8930/10000 (89.30%) [Error 10.70%]
Epoch:197 Test set: Average loss: 0.3536, Accuracy: 8948/10000 (89.48%) [Error 10.52%]
Epoch:198 Test set: Average loss: 0.3455, Accuracy: 8969/10000 (89.69%) [Error 10.31%]
Epoch:199 Test set: Average loss: 0.3889, Accuracy: 8851/10000 (88.51%) [Error 11.49%]
Epoch:200 Test set: Average loss: 0.3487, Accuracy: 8981/10000 (89.81%) [Error 10.19%]
Epoch:201 Test set: Average loss: 0.3422, Accuracy: 8954/10000 (89.54%) [Error 10.46%]
Epoch:202 Test set: Average loss: 0.3645, Accuracy: 8921/10000 (89.21%) [Error 10.79%]
Epoch:203 Test set: Average loss: 0.3221, Accuracy: 8978/10000 (89.78%) [Error 10.22%]
Epoch:204 Test set: Average loss: 0.3648, Accuracy: 8920/10000 (89.20%) [Error 10.80%]
Epoch:205 Test set: Average loss: 0.3240, Accuracy: 8955/10000 (89.55%) [Error 10.45%]
Epoch:206 Test set: Average loss: 0.3195, Accuracy: 9023/10000 (90.23%) [Error 9.77%]
Epoch:207 Test set: Average loss: 0.3257, Accuracy: 8986/10000 (89.86%) [Error 10.14%]
Epoch:208 Test set: Average loss: 0.3860, Accuracy: 8881/10000 (88.81%) [Error 11.19%]
Epoch:209 Test set: Average loss: 0.3296, Accuracy: 8980/10000 (89.80%) [Error 10.20%]
Epoch:210 Test set: Average loss: 0.3448, Accuracy: 8912/10000 (89.12%) [Error 10.88%]
Epoch:211 Test set: Average loss: 0.3681, Accuracy: 8882/10000 (88.82%) [Error 11.18%]
Epoch:212 Test set: Average loss: 0.3398, Accuracy: 8946/10000 (89.46%) [Error 10.54%]
Epoch:213 Test set: Average loss: 0.3667, Accuracy: 8902/10000 (89.02%) [Error 10.98%]
Epoch:214 Test set: Average loss: 0.3238, Accuracy: 8985/10000 (89.85%) [Error 10.15%]
Epoch:215 Test set: Average loss: 0.3724, Accuracy: 8866/10000 (88.66%) [Error 11.34%]
Epoch:216 Test set: Average loss: 0.3436, Accuracy: 8931/10000 (89.31%) [Error 10.69%]
Epoch:217 Test set: Average loss: 0.3662, Accuracy: 8912/10000 (89.12%) [Error 10.88%]
Epoch:218 Test set: Average loss: 0.3544, Accuracy: 8893/10000 (88.93%) [Error 11.07%]
Epoch:219 Test set: Average loss: 0.3545, Accuracy: 8930/10000 (89.30%) [Error 10.70%]
Epoch:220 Test set: Average loss: 0.3696, Accuracy: 8929/10000 (89.29%) [Error 10.71%]
Epoch:221 Test set: Average loss: 0.3322, Accuracy: 8979/10000 (89.79%) [Error 10.21%]
Epoch:222 Test set: Average loss: 0.3290, Accuracy: 9009/10000 (90.09%) [Error 9.91%]
Epoch:223 Test set: Average loss: 0.3651, Accuracy: 8930/10000 (89.30%) [Error 10.70%]
Epoch:224 Test set: Average loss: 0.3536, Accuracy: 8906/10000 (89.06%) [Error 10.94%]
Epoch:225 Test set: Average loss: 0.3840, Accuracy: 8807/10000 (88.07%) [Error 11.93%]
Epoch:226 Test set: Average loss: 0.3505, Accuracy: 8937/10000 (89.37%) [Error 10.63%]
Epoch:227 Test set: Average loss: 0.3791, Accuracy: 8906/10000 (89.06%) [Error 10.94%]
Epoch:228 Test set: Average loss: 0.3402, Accuracy: 9020/10000 (90.20%) [Error 9.80%]
Epoch:229 Test set: Average loss: 0.3448, Accuracy: 8966/10000 (89.66%) [Error 10.34%]
Epoch:230 Test set: Average loss: 0.3895, Accuracy: 8862/10000 (88.62%) [Error 11.38%]
Epoch:231 Test set: Average loss: 0.3766, Accuracy: 8901/10000 (89.01%) [Error 10.99%]
Epoch:232 Test set: Average loss: 0.3334, Accuracy: 9007/10000 (90.07%) [Error 9.93%]
Epoch:233 Test set: Average loss: 0.4096, Accuracy: 8772/10000 (87.72%) [Error 12.28%]
Epoch:234 Test set: Average loss: 0.3617, Accuracy: 8906/10000 (89.06%) [Error 10.94%]
Epoch:235 Test set: Average loss: 0.3724, Accuracy: 8887/10000 (88.87%) [Error 11.13%]
Epoch:236 Test set: Average loss: 0.3487, Accuracy: 8983/10000 (89.83%) [Error 10.17%]
Epoch:237 Test set: Average loss: 0.3451, Accuracy: 8929/10000 (89.29%) [Error 10.71%]
Epoch:238 Test set: Average loss: 0.3509, Accuracy: 8902/10000 (89.02%) [Error 10.98%]
Epoch:239 Test set: Average loss: 0.3243, Accuracy: 8999/10000 (89.99%) [Error 10.01%]
Epoch:240 Test set: Average loss: 0.3508, Accuracy: 8968/10000 (89.68%) [Error 10.32%]
Epoch:241 Test set: Average loss: 0.3318, Accuracy: 8961/10000 (89.61%) [Error 10.39%]
Epoch:242 Test set: Average loss: 0.3652, Accuracy: 8927/10000 (89.27%) [Error 10.73%]
Epoch:243 Test set: Average loss: 0.3287, Accuracy: 9008/10000 (90.08%) [Error 9.92%]
Epoch:244 Test set: Average loss: 0.4633, Accuracy: 8672/10000 (86.72%) [Error 13.28%]
Epoch:245 Test set: Average loss: 0.3779, Accuracy: 8883/10000 (88.83%) [Error 11.17%]
Epoch:246 Test set: Average loss: 0.3144, Accuracy: 9049/10000 (90.49%) [Error 9.51%]
Epoch:247 Test set: Average loss: 0.4112, Accuracy: 8801/10000 (88.01%) [Error 11.99%]
Epoch:248 Test set: Average loss: 0.3544, Accuracy: 8925/10000 (89.25%) [Error 10.75%]
Epoch:249 Test set: Average loss: 0.3559, Accuracy: 8954/10000 (89.54%) [Error 10.46%]
Epoch:250 Test set: Average loss: 0.3611, Accuracy: 8922/10000 (89.22%) [Error 10.78%]
Epoch:251 Test set: Average loss: 0.2584, Accuracy: 9199/10000 (91.99%) [Error 8.01%]
Epoch:252 Test set: Average loss: 0.2521, Accuracy: 9208/10000 (92.08%) [Error 7.92%]
Epoch:253 Test set: Average loss: 0.2551, Accuracy: 9219/10000 (92.19%) [Error 7.81%]
Epoch:254 Test set: Average loss: 0.2571, Accuracy: 9222/10000 (92.22%) [Error 7.78%]
Epoch:255 Test set: Average loss: 0.2565, Accuracy: 9245/10000 (92.45%) [Error 7.55%]
Epoch:256 Test set: Average loss: 0.2542, Accuracy: 9237/10000 (92.37%) [Error 7.63%]
Epoch:257 Test set: Average loss: 0.2575, Accuracy: 9227/10000 (92.27%) [Error 7.73%]
Epoch:258 Test set: Average loss: 0.2585, Accuracy: 9221/10000 (92.21%) [Error 7.79%]
Epoch:259 Test set: Average loss: 0.2581, Accuracy: 9243/10000 (92.43%) [Error 7.57%]
Epoch:260 Test set: Average loss: 0.2593, Accuracy: 9223/10000 (92.23%) [Error 7.77%]
Epoch:261 Test set: Average loss: 0.2610, Accuracy: 9221/10000 (92.21%) [Error 7.79%]
Epoch:262 Test set: Average loss: 0.2595, Accuracy: 9214/10000 (92.14%) [Error 7.86%]
Epoch:263 Test set: Average loss: 0.2581, Accuracy: 9223/10000 (92.23%) [Error 7.77%]
Epoch:264 Test set: Average loss: 0.2603, Accuracy: 9227/10000 (92.27%) [Error 7.73%]
Epoch:265 Test set: Average loss: 0.2573, Accuracy: 9229/10000 (92.29%) [Error 7.71%]
Epoch:266 Test set: Average loss: 0.2599, Accuracy: 9228/10000 (92.28%) [Error 7.72%]
Epoch:267 Test set: Average loss: 0.2635, Accuracy: 9227/10000 (92.27%) [Error 7.73%]
Epoch:268 Test set: Average loss: 0.2642, Accuracy: 9227/10000 (92.27%) [Error 7.73%]
Epoch:269 Test set: Average loss: 0.2638, Accuracy: 9214/10000 (92.14%) [Error 7.86%]
Epoch:270 Test set: Average loss: 0.2655, Accuracy: 9225/10000 (92.25%) [Error 7.75%]
Epoch:271 Test set: Average loss: 0.2655, Accuracy: 9225/10000 (92.25%) [Error 7.75%]
Epoch:272 Test set: Average loss: 0.2691, Accuracy: 9220/10000 (92.20%) [Error 7.80%]
Epoch:273 Test set: Average loss: 0.2655, Accuracy: 9229/10000 (92.29%) [Error 7.71%]
Epoch:274 Test set: Average loss: 0.2697, Accuracy: 9228/10000 (92.28%) [Error 7.72%]
Epoch:275 Test set: Average loss: 0.2658, Accuracy: 9219/10000 (92.19%) [Error 7.81%]
Epoch:276 Test set: Average loss: 0.2707, Accuracy: 9232/10000 (92.32%) [Error 7.68%]
Epoch:277 Test set: Average loss: 0.2685, Accuracy: 9238/10000 (92.38%) [Error 7.62%]
Epoch:278 Test set: Average loss: 0.2709, Accuracy: 9248/10000 (92.48%) [Error 7.52%]
Epoch:279 Test set: Average loss: 0.2700, Accuracy: 9236/10000 (92.36%) [Error 7.64%]
Epoch:280 Test set: Average loss: 0.2693, Accuracy: 9225/10000 (92.25%) [Error 7.75%]
Epoch:281 Test set: Average loss: 0.2674, Accuracy: 9245/10000 (92.45%) [Error 7.55%]
Epoch:282 Test set: Average loss: 0.2710, Accuracy: 9236/10000 (92.36%) [Error 7.64%]
Epoch:283 Test set: Average loss: 0.2726, Accuracy: 9226/10000 (92.26%) [Error 7.74%]
Epoch:284 Test set: Average loss: 0.2733, Accuracy: 9238/10000 (92.38%) [Error 7.62%]
Epoch:285 Test set: Average loss: 0.2702, Accuracy: 9248/10000 (92.48%) [Error 7.52%]
Epoch:286 Test set: Average loss: 0.2733, Accuracy: 9229/10000 (92.29%) [Error 7.71%]
Epoch:287 Test set: Average loss: 0.2766, Accuracy: 9229/10000 (92.29%) [Error 7.71%]
Epoch:288 Test set: Average loss: 0.2767, Accuracy: 9236/10000 (92.36%) [Error 7.64%]
Epoch:289 Test set: Average loss: 0.2757, Accuracy: 9225/10000 (92.25%) [Error 7.75%]
Epoch:290 Test set: Average loss: 0.2774, Accuracy: 9223/10000 (92.23%) [Error 7.77%]
Epoch:291 Test set: Average loss: 0.2783, Accuracy: 9237/10000 (92.37%) [Error 7.63%]
Epoch:292 Test set: Average loss: 0.2798, Accuracy: 9228/10000 (92.28%) [Error 7.72%]
Epoch:293 Test set: Average loss: 0.2782, Accuracy: 9233/10000 (92.33%) [Error 7.67%]
Epoch:294 Test set: Average loss: 0.2781, Accuracy: 9223/10000 (92.23%) [Error 7.77%]
Epoch:295 Test set: Average loss: 0.2798, Accuracy: 9236/10000 (92.36%) [Error 7.64%]
Epoch:296 Test set: Average loss: 0.2765, Accuracy: 9235/10000 (92.35%) [Error 7.65%]
Epoch:297 Test set: Average loss: 0.2763, Accuracy: 9241/10000 (92.41%) [Error 7.59%]
Epoch:298 Test set: Average loss: 0.2771, Accuracy: 9236/10000 (92.36%) [Error 7.64%]
Epoch:299 Test set: Average loss: 0.2814, Accuracy: 9233/10000 (92.33%) [Error 7.67%]
Epoch:300 Test set: Average loss: 0.2820, Accuracy: 9232/10000 (92.32%) [Error 7.68%]
Epoch:301 Test set: Average loss: 0.2760, Accuracy: 9233/10000 (92.33%) [Error 7.67%]
Epoch:302 Test set: Average loss: 0.2823, Accuracy: 9229/10000 (92.29%) [Error 7.71%]
Epoch:303 Test set: Average loss: 0.2798, Accuracy: 9229/10000 (92.29%) [Error 7.71%]
Epoch:304 Test set: Average loss: 0.2812, Accuracy: 9234/10000 (92.34%) [Error 7.66%]
Epoch:305 Test set: Average loss: 0.2888, Accuracy: 9234/10000 (92.34%) [Error 7.66%]
Epoch:306 Test set: Average loss: 0.2827, Accuracy: 9237/10000 (92.37%) [Error 7.63%]
Epoch:307 Test set: Average loss: 0.2806, Accuracy: 9240/10000 (92.40%) [Error 7.60%]
Epoch:308 Test set: Average loss: 0.2794, Accuracy: 9239/10000 (92.39%) [Error 7.61%]
Epoch:309 Test set: Average loss: 0.2828, Accuracy: 9237/10000 (92.37%) [Error 7.63%]
Epoch:310 Test set: Average loss: 0.2849, Accuracy: 9228/10000 (92.28%) [Error 7.72%]
Epoch:311 Test set: Average loss: 0.2815, Accuracy: 9230/10000 (92.30%) [Error 7.70%]
Epoch:312 Test set: Average loss: 0.2808, Accuracy: 9242/10000 (92.42%) [Error 7.58%]
Epoch:313 Test set: Average loss: 0.2824, Accuracy: 9240/10000 (92.40%) [Error 7.60%]
Epoch:314 Test set: Average loss: 0.2837, Accuracy: 9234/10000 (92.34%) [Error 7.66%]
Epoch:315 Test set: Average loss: 0.2845, Accuracy: 9219/10000 (92.19%) [Error 7.81%]
Epoch:316 Test set: Average loss: 0.2821, Accuracy: 9243/10000 (92.43%) [Error 7.57%]
Epoch:317 Test set: Average loss: 0.2832, Accuracy: 9238/10000 (92.38%) [Error 7.62%]
Epoch:318 Test set: Average loss: 0.2819, Accuracy: 9243/10000 (92.43%) [Error 7.57%]
Epoch:319 Test set: Average loss: 0.2828, Accuracy: 9245/10000 (92.45%) [Error 7.55%]
Epoch:320 Test set: Average loss: 0.2840, Accuracy: 9242/10000 (92.42%) [Error 7.58%]
Epoch:321 Test set: Average loss: 0.2818, Accuracy: 9246/10000 (92.46%) [Error 7.54%]
Epoch:322 Test set: Average loss: 0.2895, Accuracy: 9239/10000 (92.39%) [Error 7.61%]
Epoch:323 Test set: Average loss: 0.2901, Accuracy: 9232/10000 (92.32%) [Error 7.68%]
Epoch:324 Test set: Average loss: 0.2860, Accuracy: 9240/10000 (92.40%) [Error 7.60%]
Epoch:325 Test set: Average loss: 0.2863, Accuracy: 9232/10000 (92.32%) [Error 7.68%]
Epoch:326 Test set: Average loss: 0.2839, Accuracy: 9247/10000 (92.47%) [Error 7.53%]
Epoch:327 Test set: Average loss: 0.2895, Accuracy: 9237/10000 (92.37%) [Error 7.63%]
Epoch:328 Test set: Average loss: 0.2891, Accuracy: 9246/10000 (92.46%) [Error 7.54%]
Epoch:329 Test set: Average loss: 0.2883, Accuracy: 9243/10000 (92.43%) [Error 7.57%]
Epoch:330 Test set: Average loss: 0.2898, Accuracy: 9239/10000 (92.39%) [Error 7.61%]
Epoch:331 Test set: Average loss: 0.2847, Accuracy: 9234/10000 (92.34%) [Error 7.66%]
Epoch:332 Test set: Average loss: 0.2849, Accuracy: 9229/10000 (92.29%) [Error 7.71%]
Epoch:333 Test set: Average loss: 0.2898, Accuracy: 9248/10000 (92.48%) [Error 7.52%]
Epoch:334 Test set: Average loss: 0.2870, Accuracy: 9226/10000 (92.26%) [Error 7.74%]
Epoch:335 Test set: Average loss: 0.2907, Accuracy: 9232/10000 (92.32%) [Error 7.68%]
Epoch:336 Test set: Average loss: 0.2873, Accuracy: 9251/10000 (92.51%) [Error 7.49%]
Epoch:337 Test set: Average loss: 0.2884, Accuracy: 9244/10000 (92.44%) [Error 7.56%]
Epoch:338 Test set: Average loss: 0.2887, Accuracy: 9228/10000 (92.28%) [Error 7.72%]
Epoch:339 Test set: Average loss: 0.2876, Accuracy: 9233/10000 (92.33%) [Error 7.67%]
Epoch:340 Test set: Average loss: 0.2891, Accuracy: 9229/10000 (92.29%) [Error 7.71%]
Epoch:341 Test set: Average loss: 0.2891, Accuracy: 9230/10000 (92.30%) [Error 7.70%]
Epoch:342 Test set: Average loss: 0.2900, Accuracy: 9231/10000 (92.31%) [Error 7.69%]
Epoch:343 Test set: Average loss: 0.2905, Accuracy: 9248/10000 (92.48%) [Error 7.52%]
Epoch:344 Test set: Average loss: 0.2879, Accuracy: 9231/10000 (92.31%) [Error 7.69%]
Epoch:345 Test set: Average loss: 0.2921, Accuracy: 9227/10000 (92.27%) [Error 7.73%]
Epoch:346 Test set: Average loss: 0.2950, Accuracy: 9226/10000 (92.26%) [Error 7.74%]
Epoch:347 Test set: Average loss: 0.2938, Accuracy: 9231/10000 (92.31%) [Error 7.69%]
Epoch:348 Test set: Average loss: 0.2925, Accuracy: 9235/10000 (92.35%) [Error 7.65%]
Epoch:349 Test set: Average loss: 0.2937, Accuracy: 9238/10000 (92.38%) [Error 7.62%]
Epoch:350 Test set: Average loss: 0.2965, Accuracy: 9220/10000 (92.20%) [Error 7.80%]
Epoch:351 Test set: Average loss: 0.2961, Accuracy: 9225/10000 (92.25%) [Error 7.75%]
Epoch:352 Test set: Average loss: 0.2940, Accuracy: 9228/10000 (92.28%) [Error 7.72%]
Epoch:353 Test set: Average loss: 0.2930, Accuracy: 9222/10000 (92.22%) [Error 7.78%]
Epoch:354 Test set: Average loss: 0.2900, Accuracy: 9231/10000 (92.31%) [Error 7.69%]
Epoch:355 Test set: Average loss: 0.2904, Accuracy: 9234/10000 (92.34%) [Error 7.66%]
Epoch:356 Test set: Average loss: 0.2922, Accuracy: 9230/10000 (92.30%) [Error 7.70%]
Epoch:357 Test set: Average loss: 0.2919, Accuracy: 9241/10000 (92.41%) [Error 7.59%]
Epoch:358 Test set: Average loss: 0.2941, Accuracy: 9238/10000 (92.38%) [Error 7.62%]
Epoch:359 Test set: Average loss: 0.2890, Accuracy: 9235/10000 (92.35%) [Error 7.65%]
Epoch:360 Test set: Average loss: 0.2898, Accuracy: 9238/10000 (92.38%) [Error 7.62%]
Epoch:361 Test set: Average loss: 0.2912, Accuracy: 9235/10000 (92.35%) [Error 7.65%]
Epoch:362 Test set: Average loss: 0.2912, Accuracy: 9228/10000 (92.28%) [Error 7.72%]
Epoch:363 Test set: Average loss: 0.2921, Accuracy: 9246/10000 (92.46%) [Error 7.54%]
Epoch:364 Test set: Average loss: 0.2916, Accuracy: 9235/10000 (92.35%) [Error 7.65%]
Epoch:365 Test set: Average loss: 0.2939, Accuracy: 9231/10000 (92.31%) [Error 7.69%]
Epoch:366 Test set: Average loss: 0.2912, Accuracy: 9240/10000 (92.40%) [Error 7.60%]
Epoch:367 Test set: Average loss: 0.2896, Accuracy: 9243/10000 (92.43%) [Error 7.57%]
Epoch:368 Test set: Average loss: 0.2915, Accuracy: 9236/10000 (92.36%) [Error 7.64%]
Epoch:369 Test set: Average loss: 0.2909, Accuracy: 9243/10000 (92.43%) [Error 7.57%]
Epoch:370 Test set: Average loss: 0.2887, Accuracy: 9244/10000 (92.44%) [Error 7.56%]
Epoch:371 Test set: Average loss: 0.2905, Accuracy: 9229/10000 (92.29%) [Error 7.71%]
Epoch:372 Test set: Average loss: 0.2872, Accuracy: 9245/10000 (92.45%) [Error 7.55%]
Epoch:373 Test set: Average loss: 0.2883, Accuracy: 9242/10000 (92.42%) [Error 7.58%]
Epoch:374 Test set: Average loss: 0.2897, Accuracy: 9253/10000 (92.53%) [Error 7.47%]
Epoch:375 Test set: Average loss: 0.2907, Accuracy: 9239/10000 (92.39%) [Error 7.61%]
Epoch:376 Test set: Average loss: 0.2890, Accuracy: 9239/10000 (92.39%) [Error 7.61%]
Epoch:377 Test set: Average loss: 0.2911, Accuracy: 9237/10000 (92.37%) [Error 7.63%]
Epoch:378 Test set: Average loss: 0.2918, Accuracy: 9234/10000 (92.34%) [Error 7.66%]
Epoch:379 Test set: Average loss: 0.2893, Accuracy: 9243/10000 (92.43%) [Error 7.57%]
Epoch:380 Test set: Average loss: 0.2894, Accuracy: 9239/10000 (92.39%) [Error 7.61%]
Epoch:381 Test set: Average loss: 0.2901, Accuracy: 9232/10000 (92.32%) [Error 7.68%]
Epoch:382 Test set: Average loss: 0.2934, Accuracy: 9230/10000 (92.30%) [Error 7.70%]
Epoch:383 Test set: Average loss: 0.2919, Accuracy: 9234/10000 (92.34%) [Error 7.66%]
Epoch:384 Test set: Average loss: 0.2892, Accuracy: 9228/10000 (92.28%) [Error 7.72%]
Epoch:385 Test set: Average loss: 0.2880, Accuracy: 9239/10000 (92.39%) [Error 7.61%]
Epoch:386 Test set: Average loss: 0.2898, Accuracy: 9237/10000 (92.37%) [Error 7.63%]
Epoch:387 Test set: Average loss: 0.2903, Accuracy: 9241/10000 (92.41%) [Error 7.59%]
Epoch:388 Test set: Average loss: 0.2907, Accuracy: 9231/10000 (92.31%) [Error 7.69%]
Epoch:389 Test set: Average loss: 0.2897, Accuracy: 9241/10000 (92.41%) [Error 7.59%]
Epoch:390 Test set: Average loss: 0.2892, Accuracy: 9243/10000 (92.43%) [Error 7.57%]
Epoch:391 Test set: Average loss: 0.2897, Accuracy: 9247/10000 (92.47%) [Error 7.53%]
Epoch:392 Test set: Average loss: 0.2910, Accuracy: 9239/10000 (92.39%) [Error 7.61%]
Epoch:393 Test set: Average loss: 0.2935, Accuracy: 9240/10000 (92.40%) [Error 7.60%]
Epoch:394 Test set: Average loss: 0.2904, Accuracy: 9239/10000 (92.39%) [Error 7.61%]
Epoch:395 Test set: Average loss: 0.2903, Accuracy: 9239/10000 (92.39%) [Error 7.61%]
Epoch:396 Test set: Average loss: 0.2900, Accuracy: 9241/10000 (92.41%) [Error 7.59%]
Epoch:397 Test set: Average loss: 0.2914, Accuracy: 9248/10000 (92.48%) [Error 7.52%]
Epoch:398 Test set: Average loss: 0.2913, Accuracy: 9228/10000 (92.28%) [Error 7.72%]
Epoch:399 Test set: Average loss: 0.2923, Accuracy: 9234/10000 (92.34%) [Error 7.66%]
Epoch:400 Test set: Average loss: 0.2911, Accuracy: 9246/10000 (92.46%) [Error 7.54%]
