Files already downloaded and verified
Conv2d
Conv2d
Conv2d
Sequential
BasicBlock
Conv2d
Conv2d
Sequential
BasicBlock
Conv2d
Conv2d
Sequential
BasicBlock
Sequential
Conv2d
Conv2d
LambdaLayer
BasicBlock
Conv2d
Conv2d
Sequential
BasicBlock
Conv2d
Conv2d
Sequential
BasicBlock
Sequential
Conv2d
Conv2d
LambdaLayer
BasicBlock
Conv2d
Conv2d
Sequential
BasicBlock
Conv2d
Conv2d
Sequential
BasicBlock
Sequential
Linear
ResNetMBN
Epoch:1 Test set: Average loss: 2.1378, Accuracy: 2452/10000 (24.52%) [Error 75.48%]
Epoch:2 Test set: Average loss: 1.8911, Accuracy: 3433/10000 (34.33%) [Error 65.67%]
Epoch:3 Test set: Average loss: 1.8187, Accuracy: 3324/10000 (33.24%) [Error 66.76%]
Epoch:4 Test set: Average loss: 1.7185, Accuracy: 3721/10000 (37.21%) [Error 62.79%]
Epoch:5 Test set: Average loss: 1.6825, Accuracy: 3838/10000 (38.38%) [Error 61.62%]
Epoch:6 Test set: Average loss: 1.5972, Accuracy: 4093/10000 (40.93%) [Error 59.07%]
Epoch:7 Test set: Average loss: 1.6509, Accuracy: 4059/10000 (40.59%) [Error 59.41%]
Epoch:8 Test set: Average loss: 1.5852, Accuracy: 4352/10000 (43.52%) [Error 56.48%]
Epoch:9 Test set: Average loss: 1.4853, Accuracy: 4631/10000 (46.31%) [Error 53.69%]
Epoch:10 Test set: Average loss: 1.4537, Accuracy: 4777/10000 (47.77%) [Error 52.23%]
Epoch:11 Test set: Average loss: 1.4182, Accuracy: 4857/10000 (48.57%) [Error 51.43%]
Epoch:12 Test set: Average loss: 1.4116, Accuracy: 4925/10000 (49.25%) [Error 50.75%]
Epoch:13 Test set: Average loss: 1.3896, Accuracy: 5017/10000 (50.17%) [Error 49.83%]
Epoch:14 Test set: Average loss: 1.3811, Accuracy: 4943/10000 (49.43%) [Error 50.57%]
Epoch:15 Test set: Average loss: 1.2922, Accuracy: 5416/10000 (54.16%) [Error 45.84%]
Epoch:16 Test set: Average loss: 1.3301, Accuracy: 5298/10000 (52.98%) [Error 47.02%]
Epoch:17 Test set: Average loss: 1.2425, Accuracy: 5523/10000 (55.23%) [Error 44.77%]
Epoch:18 Test set: Average loss: 1.2963, Accuracy: 5391/10000 (53.91%) [Error 46.09%]
Epoch:19 Test set: Average loss: 1.2296, Accuracy: 5702/10000 (57.02%) [Error 42.98%]
Epoch:20 Test set: Average loss: 1.1614, Accuracy: 5835/10000 (58.35%) [Error 41.65%]
Epoch:21 Test set: Average loss: 1.1640, Accuracy: 5748/10000 (57.48%) [Error 42.52%]
Epoch:22 Test set: Average loss: 1.2781, Accuracy: 5574/10000 (55.74%) [Error 44.26%]
Epoch:23 Test set: Average loss: 1.1193, Accuracy: 5990/10000 (59.90%) [Error 40.10%]
Epoch:24 Test set: Average loss: 1.1161, Accuracy: 6042/10000 (60.42%) [Error 39.58%]
Epoch:25 Test set: Average loss: 1.0932, Accuracy: 6175/10000 (61.75%) [Error 38.25%]
Epoch:26 Test set: Average loss: 1.1313, Accuracy: 6061/10000 (60.61%) [Error 39.39%]
Epoch:27 Test set: Average loss: 1.0905, Accuracy: 6151/10000 (61.51%) [Error 38.49%]
Epoch:28 Test set: Average loss: 1.0765, Accuracy: 6236/10000 (62.36%) [Error 37.64%]
Epoch:29 Test set: Average loss: 1.0481, Accuracy: 6291/10000 (62.91%) [Error 37.09%]
Epoch:30 Test set: Average loss: 1.0277, Accuracy: 6324/10000 (63.24%) [Error 36.76%]
Epoch:31 Test set: Average loss: 1.0165, Accuracy: 6459/10000 (64.59%) [Error 35.41%]
Epoch:32 Test set: Average loss: 1.0553, Accuracy: 6276/10000 (62.76%) [Error 37.24%]
Epoch:33 Test set: Average loss: 1.0376, Accuracy: 6383/10000 (63.83%) [Error 36.17%]
Epoch:34 Test set: Average loss: 0.9766, Accuracy: 6644/10000 (66.44%) [Error 33.56%]
Epoch:35 Test set: Average loss: 1.0143, Accuracy: 6519/10000 (65.19%) [Error 34.81%]
Epoch:36 Test set: Average loss: 0.9350, Accuracy: 6746/10000 (67.46%) [Error 32.54%]
Epoch:37 Test set: Average loss: 0.9359, Accuracy: 6756/10000 (67.56%) [Error 32.44%]
Epoch:38 Test set: Average loss: 0.9795, Accuracy: 6687/10000 (66.87%) [Error 33.13%]
Epoch:39 Test set: Average loss: 0.9165, Accuracy: 6853/10000 (68.53%) [Error 31.47%]
Epoch:40 Test set: Average loss: 0.9354, Accuracy: 6787/10000 (67.87%) [Error 32.13%]
Epoch:41 Test set: Average loss: 0.9327, Accuracy: 6770/10000 (67.70%) [Error 32.30%]
Epoch:42 Test set: Average loss: 1.0226, Accuracy: 6651/10000 (66.51%) [Error 33.49%]
Epoch:43 Test set: Average loss: 0.9177, Accuracy: 6871/10000 (68.71%) [Error 31.29%]
Epoch:44 Test set: Average loss: 0.9100, Accuracy: 6880/10000 (68.80%) [Error 31.20%]
Epoch:45 Test set: Average loss: 0.8764, Accuracy: 7025/10000 (70.25%) [Error 29.75%]
Epoch:46 Test set: Average loss: 0.8798, Accuracy: 7002/10000 (70.02%) [Error 29.98%]
Epoch:47 Test set: Average loss: 0.8635, Accuracy: 7056/10000 (70.56%) [Error 29.44%]
Epoch:48 Test set: Average loss: 0.9451, Accuracy: 6794/10000 (67.94%) [Error 32.06%]
Epoch:49 Test set: Average loss: 0.8193, Accuracy: 7213/10000 (72.13%) [Error 27.87%]
Epoch:50 Test set: Average loss: 0.8349, Accuracy: 7140/10000 (71.40%) [Error 28.60%]
Epoch:51 Test set: Average loss: 0.8178, Accuracy: 7192/10000 (71.92%) [Error 28.08%]
Epoch:52 Test set: Average loss: 0.8665, Accuracy: 7064/10000 (70.64%) [Error 29.36%]
Epoch:53 Test set: Average loss: 0.9029, Accuracy: 7003/10000 (70.03%) [Error 29.97%]
Epoch:54 Test set: Average loss: 0.8559, Accuracy: 7147/10000 (71.47%) [Error 28.53%]
Epoch:55 Test set: Average loss: 0.8234, Accuracy: 7245/10000 (72.45%) [Error 27.55%]
Epoch:56 Test set: Average loss: 0.8266, Accuracy: 7184/10000 (71.84%) [Error 28.16%]
Epoch:57 Test set: Average loss: 0.7925, Accuracy: 7377/10000 (73.77%) [Error 26.23%]
Epoch:58 Test set: Average loss: 0.7653, Accuracy: 7373/10000 (73.73%) [Error 26.27%]
Epoch:59 Test set: Average loss: 0.7749, Accuracy: 7388/10000 (73.88%) [Error 26.12%]
Epoch:60 Test set: Average loss: 0.8192, Accuracy: 7266/10000 (72.66%) [Error 27.34%]
Epoch:61 Test set: Average loss: 0.8141, Accuracy: 7286/10000 (72.86%) [Error 27.14%]
Epoch:62 Test set: Average loss: 0.8406, Accuracy: 7214/10000 (72.14%) [Error 27.86%]
Epoch:63 Test set: Average loss: 0.7652, Accuracy: 7456/10000 (74.56%) [Error 25.44%]
Epoch:64 Test set: Average loss: 0.7694, Accuracy: 7389/10000 (73.89%) [Error 26.11%]
Epoch:65 Test set: Average loss: 0.7789, Accuracy: 7384/10000 (73.84%) [Error 26.16%]
Epoch:66 Test set: Average loss: 0.7379, Accuracy: 7464/10000 (74.64%) [Error 25.36%]
Epoch:67 Test set: Average loss: 0.7449, Accuracy: 7523/10000 (75.23%) [Error 24.77%]
Epoch:68 Test set: Average loss: 0.7568, Accuracy: 7508/10000 (75.08%) [Error 24.92%]
Epoch:69 Test set: Average loss: 0.7691, Accuracy: 7452/10000 (74.52%) [Error 25.48%]
Epoch:70 Test set: Average loss: 0.7531, Accuracy: 7464/10000 (74.64%) [Error 25.36%]
Epoch:71 Test set: Average loss: 0.7392, Accuracy: 7494/10000 (74.94%) [Error 25.06%]
Epoch:72 Test set: Average loss: 0.7124, Accuracy: 7614/10000 (76.14%) [Error 23.86%]
Epoch:73 Test set: Average loss: 0.7193, Accuracy: 7613/10000 (76.13%) [Error 23.87%]
Epoch:74 Test set: Average loss: 0.6910, Accuracy: 7665/10000 (76.65%) [Error 23.35%]
Epoch:75 Test set: Average loss: 0.7387, Accuracy: 7513/10000 (75.13%) [Error 24.87%]
Epoch:76 Test set: Average loss: 0.7495, Accuracy: 7548/10000 (75.48%) [Error 24.52%]
Epoch:77 Test set: Average loss: 0.7167, Accuracy: 7602/10000 (76.02%) [Error 23.98%]
Epoch:78 Test set: Average loss: 0.6956, Accuracy: 7703/10000 (77.03%) [Error 22.97%]
Epoch:79 Test set: Average loss: 0.7184, Accuracy: 7595/10000 (75.95%) [Error 24.05%]
Epoch:80 Test set: Average loss: 0.6806, Accuracy: 7708/10000 (77.08%) [Error 22.92%]
Epoch:81 Test set: Average loss: 0.7007, Accuracy: 7675/10000 (76.75%) [Error 23.25%]
Epoch:82 Test set: Average loss: 0.7006, Accuracy: 7694/10000 (76.94%) [Error 23.06%]
Epoch:83 Test set: Average loss: 0.6485, Accuracy: 7866/10000 (78.66%) [Error 21.34%]
Epoch:84 Test set: Average loss: 0.6670, Accuracy: 7802/10000 (78.02%) [Error 21.98%]
Epoch:85 Test set: Average loss: 0.6498, Accuracy: 7865/10000 (78.65%) [Error 21.35%]
Epoch:86 Test set: Average loss: 0.6474, Accuracy: 7868/10000 (78.68%) [Error 21.32%]
Epoch:87 Test set: Average loss: 0.6491, Accuracy: 7837/10000 (78.37%) [Error 21.63%]
Epoch:88 Test set: Average loss: 0.6470, Accuracy: 7846/10000 (78.46%) [Error 21.54%]
Epoch:89 Test set: Average loss: 0.6398, Accuracy: 7878/10000 (78.78%) [Error 21.22%]
Epoch:90 Test set: Average loss: 0.6477, Accuracy: 7867/10000 (78.67%) [Error 21.33%]
Epoch:91 Test set: Average loss: 0.6405, Accuracy: 7879/10000 (78.79%) [Error 21.21%]
Epoch:92 Test set: Average loss: 0.6416, Accuracy: 7887/10000 (78.87%) [Error 21.13%]
Epoch:93 Test set: Average loss: 0.6437, Accuracy: 7885/10000 (78.85%) [Error 21.15%]
Epoch:94 Test set: Average loss: 0.6441, Accuracy: 7876/10000 (78.76%) [Error 21.24%]
Epoch:95 Test set: Average loss: 0.6374, Accuracy: 7924/10000 (79.24%) [Error 20.76%]
Epoch:96 Test set: Average loss: 0.6420, Accuracy: 7880/10000 (78.80%) [Error 21.20%]
Epoch:97 Test set: Average loss: 0.6632, Accuracy: 7840/10000 (78.40%) [Error 21.60%]
Epoch:98 Test set: Average loss: 0.6400, Accuracy: 7883/10000 (78.83%) [Error 21.17%]
Epoch:99 Test set: Average loss: 0.6420, Accuracy: 7839/10000 (78.39%) [Error 21.61%]
Epoch:100 Test set: Average loss: 0.6370, Accuracy: 7853/10000 (78.53%) [Error 21.47%]
Epoch:101 Test set: Average loss: 0.6458, Accuracy: 7843/10000 (78.43%) [Error 21.57%]
Epoch:102 Test set: Average loss: 0.6350, Accuracy: 7907/10000 (79.07%) [Error 20.93%]
Epoch:103 Test set: Average loss: 0.6277, Accuracy: 7925/10000 (79.25%) [Error 20.75%]
Epoch:104 Test set: Average loss: 0.6398, Accuracy: 7871/10000 (78.71%) [Error 21.29%]
Epoch:105 Test set: Average loss: 0.6340, Accuracy: 7877/10000 (78.77%) [Error 21.23%]
Epoch:106 Test set: Average loss: 0.6344, Accuracy: 7905/10000 (79.05%) [Error 20.95%]
Epoch:107 Test set: Average loss: 0.6338, Accuracy: 7898/10000 (78.98%) [Error 21.02%]
Epoch:108 Test set: Average loss: 0.6442, Accuracy: 7865/10000 (78.65%) [Error 21.35%]
Epoch:109 Test set: Average loss: 0.6355, Accuracy: 7893/10000 (78.93%) [Error 21.07%]
Epoch:110 Test set: Average loss: 0.6337, Accuracy: 7904/10000 (79.04%) [Error 20.96%]
Epoch:111 Test set: Average loss: 0.6344, Accuracy: 7868/10000 (78.68%) [Error 21.32%]
Epoch:112 Test set: Average loss: 0.6390, Accuracy: 7877/10000 (78.77%) [Error 21.23%]
Epoch:113 Test set: Average loss: 0.6342, Accuracy: 7888/10000 (78.88%) [Error 21.12%]
Epoch:114 Test set: Average loss: 0.6360, Accuracy: 7896/10000 (78.96%) [Error 21.04%]
Epoch:115 Test set: Average loss: 0.6373, Accuracy: 7896/10000 (78.96%) [Error 21.04%]
Epoch:116 Test set: Average loss: 0.6406, Accuracy: 7901/10000 (79.01%) [Error 20.99%]
Epoch:117 Test set: Average loss: 0.6350, Accuracy: 7898/10000 (78.98%) [Error 21.02%]
Epoch:118 Test set: Average loss: 0.6312, Accuracy: 7907/10000 (79.07%) [Error 20.93%]
Epoch:119 Test set: Average loss: 0.6356, Accuracy: 7902/10000 (79.02%) [Error 20.98%]
Epoch:120 Test set: Average loss: 0.6363, Accuracy: 7894/10000 (78.94%) [Error 21.06%]
Epoch:121 Test set: Average loss: 0.6271, Accuracy: 7921/10000 (79.21%) [Error 20.79%]
Epoch:122 Test set: Average loss: 0.6311, Accuracy: 7927/10000 (79.27%) [Error 20.73%]
Epoch:123 Test set: Average loss: 0.6339, Accuracy: 7906/10000 (79.06%) [Error 20.94%]
Epoch:124 Test set: Average loss: 0.6288, Accuracy: 7929/10000 (79.29%) [Error 20.71%]
Epoch:125 Test set: Average loss: 0.6295, Accuracy: 7921/10000 (79.21%) [Error 20.79%]
Epoch:126 Test set: Average loss: 0.6311, Accuracy: 7920/10000 (79.20%) [Error 20.80%]
Epoch:127 Test set: Average loss: 0.6295, Accuracy: 7914/10000 (79.14%) [Error 20.86%]
Epoch:128 Test set: Average loss: 0.6301, Accuracy: 7915/10000 (79.15%) [Error 20.85%]
Epoch:129 Test set: Average loss: 0.6303, Accuracy: 7923/10000 (79.23%) [Error 20.77%]
Epoch:130 Test set: Average loss: 0.6307, Accuracy: 7916/10000 (79.16%) [Error 20.84%]
Epoch:131 Test set: Average loss: 0.6281, Accuracy: 7927/10000 (79.27%) [Error 20.73%]
Epoch:132 Test set: Average loss: 0.6296, Accuracy: 7923/10000 (79.23%) [Error 20.77%]
Epoch:133 Test set: Average loss: 0.6292, Accuracy: 7932/10000 (79.32%) [Error 20.68%]
Epoch:134 Test set: Average loss: 0.6280, Accuracy: 7920/10000 (79.20%) [Error 20.80%]
Epoch:135 Test set: Average loss: 0.6316, Accuracy: 7914/10000 (79.14%) [Error 20.86%]
Epoch:136 Test set: Average loss: 0.6291, Accuracy: 7925/10000 (79.25%) [Error 20.75%]
Epoch:137 Test set: Average loss: 0.6323, Accuracy: 7910/10000 (79.10%) [Error 20.90%]
Epoch:138 Test set: Average loss: 0.6266, Accuracy: 7931/10000 (79.31%) [Error 20.69%]
Epoch:139 Test set: Average loss: 0.6307, Accuracy: 7931/10000 (79.31%) [Error 20.69%]
Epoch:140 Test set: Average loss: 0.6284, Accuracy: 7932/10000 (79.32%) [Error 20.68%]
Epoch:141 Test set: Average loss: 0.6304, Accuracy: 7922/10000 (79.22%) [Error 20.78%]
Epoch:142 Test set: Average loss: 0.6293, Accuracy: 7920/10000 (79.20%) [Error 20.80%]
Epoch:143 Test set: Average loss: 0.6273, Accuracy: 7927/10000 (79.27%) [Error 20.73%]
Epoch:144 Test set: Average loss: 0.6289, Accuracy: 7925/10000 (79.25%) [Error 20.75%]
Epoch:145 Test set: Average loss: 0.6265, Accuracy: 7928/10000 (79.28%) [Error 20.72%]
Epoch:146 Test set: Average loss: 0.6271, Accuracy: 7939/10000 (79.39%) [Error 20.61%]
Epoch:147 Test set: Average loss: 0.6286, Accuracy: 7937/10000 (79.37%) [Error 20.63%]
Epoch:148 Test set: Average loss: 0.6300, Accuracy: 7929/10000 (79.29%) [Error 20.71%]
Epoch:149 Test set: Average loss: 0.6259, Accuracy: 7932/10000 (79.32%) [Error 20.68%]
Epoch:150 Test set: Average loss: 0.6313, Accuracy: 7923/10000 (79.23%) [Error 20.77%]
Epoch:151 Test set: Average loss: 0.6298, Accuracy: 7932/10000 (79.32%) [Error 20.68%]
Epoch:152 Test set: Average loss: 0.6286, Accuracy: 7931/10000 (79.31%) [Error 20.69%]
Epoch:153 Test set: Average loss: 0.6272, Accuracy: 7932/10000 (79.32%) [Error 20.68%]
Epoch:154 Test set: Average loss: 0.6291, Accuracy: 7913/10000 (79.13%) [Error 20.87%]
Epoch:155 Test set: Average loss: 0.6252, Accuracy: 7942/10000 (79.42%) [Error 20.58%]
Epoch:156 Test set: Average loss: 0.6318, Accuracy: 7921/10000 (79.21%) [Error 20.79%]
Epoch:157 Test set: Average loss: 0.6312, Accuracy: 7928/10000 (79.28%) [Error 20.72%]
Epoch:158 Test set: Average loss: 0.6276, Accuracy: 7932/10000 (79.32%) [Error 20.68%]
Epoch:159 Test set: Average loss: 0.6280, Accuracy: 7934/10000 (79.34%) [Error 20.66%]
Epoch:160 Test set: Average loss: 0.6283, Accuracy: 7936/10000 (79.36%) [Error 20.64%]
Epoch:161 Test set: Average loss: 0.6265, Accuracy: 7935/10000 (79.35%) [Error 20.65%]
Epoch:162 Test set: Average loss: 0.6271, Accuracy: 7936/10000 (79.36%) [Error 20.64%]
Epoch:163 Test set: Average loss: 0.6305, Accuracy: 7929/10000 (79.29%) [Error 20.71%]
Epoch:164 Test set: Average loss: 0.6300, Accuracy: 7917/10000 (79.17%) [Error 20.83%]
Epoch:165 Test set: Average loss: 0.6287, Accuracy: 7935/10000 (79.35%) [Error 20.65%]
Epoch:166 Test set: Average loss: 0.6283, Accuracy: 7940/10000 (79.40%) [Error 20.60%]
Epoch:167 Test set: Average loss: 0.6282, Accuracy: 7942/10000 (79.42%) [Error 20.58%]
Epoch:168 Test set: Average loss: 0.6281, Accuracy: 7943/10000 (79.43%) [Error 20.57%]
Epoch:169 Test set: Average loss: 0.6282, Accuracy: 7938/10000 (79.38%) [Error 20.62%]
Epoch:170 Test set: Average loss: 0.6280, Accuracy: 7940/10000 (79.40%) [Error 20.60%]
Epoch:171 Test set: Average loss: 0.6275, Accuracy: 7945/10000 (79.45%) [Error 20.55%]
Epoch:172 Test set: Average loss: 0.6279, Accuracy: 7929/10000 (79.29%) [Error 20.71%]
Epoch:173 Test set: Average loss: 0.6275, Accuracy: 7932/10000 (79.32%) [Error 20.68%]
Epoch:174 Test set: Average loss: 0.6276, Accuracy: 7941/10000 (79.41%) [Error 20.59%]
Epoch:175 Test set: Average loss: 0.6278, Accuracy: 7939/10000 (79.39%) [Error 20.61%]
Epoch:176 Test set: Average loss: 0.6279, Accuracy: 7936/10000 (79.36%) [Error 20.64%]
Epoch:177 Test set: Average loss: 0.6281, Accuracy: 7938/10000 (79.38%) [Error 20.62%]
Epoch:178 Test set: Average loss: 0.6279, Accuracy: 7938/10000 (79.38%) [Error 20.62%]
Epoch:179 Test set: Average loss: 0.6278, Accuracy: 7941/10000 (79.41%) [Error 20.59%]
Epoch:180 Test set: Average loss: 0.6283, Accuracy: 7938/10000 (79.38%) [Error 20.62%]
Epoch:181 Test set: Average loss: 0.6282, Accuracy: 7939/10000 (79.39%) [Error 20.61%]
Epoch:182 Test set: Average loss: 0.6283, Accuracy: 7935/10000 (79.35%) [Error 20.65%]
Epoch:183 Test set: Average loss: 0.6280, Accuracy: 7935/10000 (79.35%) [Error 20.65%]
Epoch:184 Test set: Average loss: 0.6279, Accuracy: 7938/10000 (79.38%) [Error 20.62%]
Epoch:185 Test set: Average loss: 0.6280, Accuracy: 7940/10000 (79.40%) [Error 20.60%]
Epoch:186 Test set: Average loss: 0.6276, Accuracy: 7945/10000 (79.45%) [Error 20.55%]
Epoch:187 Test set: Average loss: 0.6283, Accuracy: 7937/10000 (79.37%) [Error 20.63%]
Epoch:188 Test set: Average loss: 0.6278, Accuracy: 7942/10000 (79.42%) [Error 20.58%]
Epoch:189 Test set: Average loss: 0.6283, Accuracy: 7940/10000 (79.40%) [Error 20.60%]
Epoch:190 Test set: Average loss: 0.6281, Accuracy: 7939/10000 (79.39%) [Error 20.61%]
Epoch:191 Test set: Average loss: 0.6281, Accuracy: 7930/10000 (79.30%) [Error 20.70%]
Epoch:192 Test set: Average loss: 0.6276, Accuracy: 7935/10000 (79.35%) [Error 20.65%]
Epoch:193 Test set: Average loss: 0.6280, Accuracy: 7936/10000 (79.36%) [Error 20.64%]
Epoch:194 Test set: Average loss: 0.6281, Accuracy: 7935/10000 (79.35%) [Error 20.65%]
Epoch:195 Test set: Average loss: 0.6282, Accuracy: 7935/10000 (79.35%) [Error 20.65%]
Epoch:196 Test set: Average loss: 0.6276, Accuracy: 7936/10000 (79.36%) [Error 20.64%]
Epoch:197 Test set: Average loss: 0.6273, Accuracy: 7939/10000 (79.39%) [Error 20.61%]
Epoch:198 Test set: Average loss: 0.6277, Accuracy: 7941/10000 (79.41%) [Error 20.59%]
Epoch:199 Test set: Average loss: 0.6278, Accuracy: 7942/10000 (79.42%) [Error 20.58%]
Epoch:200 Test set: Average loss: 0.6274, Accuracy: 7935/10000 (79.35%) [Error 20.65%]
